[0.010s] Invoking command in '/home/gim/ros2_humble/src/path_package/build/path_package': CMAKE_PREFIX_PATH=/opt/ros/humble /usr/bin/cmake --build /home/gim/ros2_humble/src/path_package/build/path_package -- -j6 -l6
[0.086s] -- CDT_USE_AS_COMPILED_LIBRARY is OFF
[0.086s] -- CDT_USE_64_BIT_INDEX_TYPE is OFF
[0.086s] -- CDT_ENABLE_TESTING is OFF
[0.086s] -- CDT_USE_STRONG_TYPING is OFF
[0.086s] -- CDT_DEVELOPER_BUILD is OFF
[0.141s] -- Doxygen found: adding documentation target.
[0.150s] -- Found ament_cmake: 1.3.11 (/opt/ros/humble/share/ament_cmake/cmake)
[0.233s] -- Found rclcpp: 16.0.11 (/opt/ros/humble/share/rclcpp/cmake)
[0.294s] -- Found rosidl_generator_c: 3.1.6 (/opt/ros/humble/share/rosidl_generator_c/cmake)
[0.294s] -- Found rosidl_adapter: 3.1.6 (/opt/ros/humble/share/rosidl_adapter/cmake)
[0.306s] -- Found rosidl_generator_cpp: 3.1.6 (/opt/ros/humble/share/rosidl_generator_cpp/cmake)
[0.306s] -- Using all available rosidl_typesupport_c: rosidl_typesupport_fastrtps_c;rosidl_typesupport_introspection_c
[0.319s] -- Using all available rosidl_typesupport_cpp: rosidl_typesupport_fastrtps_cpp;rosidl_typesupport_introspection_cpp
[0.319s] -- Found rmw_implementation_cmake: 6.1.2 (/opt/ros/humble/share/rmw_implementation_cmake/cmake)
[0.339s] -- Found rmw_fastrtps_cpp: 6.2.7 (/opt/ros/humble/share/rmw_fastrtps_cpp/cmake)
[0.406s] -- Using RMW implementation 'rmw_fastrtps_cpp' as default
[0.406s] -- Found ament_lint_auto: 0.12.11 (/opt/ros/humble/share/ament_lint_auto/cmake)
[0.515s] -- Added test 'cppcheck' to perform static code analysis on C / C++ code
[0.515s] -- Configured cppcheck include dirs: /home/gim/ros2_humble/src/path_package/./src/CDT/CDT/include
[0.515s] -- Configured cppcheck exclude dirs and/or files: 
[0.527s] -- Added test 'flake8' to check Python code syntax and style conventions
[0.527s] -- Added test 'lint_cmake' to check CMake code style
[0.527s] -- Added test 'pep257' to check Python code against some of the docstring style conventions in PEP 257
[0.569s] -- Added test 'uncrustify' to check C / C++ code style
[0.569s] -- Configured uncrustify additional arguments: 
[0.569s] -- Added test 'xmllint' to check XML markup files
[0.580s] -- Configuring done
[0.588s] -- Generating done
[0.593s] -- Build files have been written to: /home/gim/ros2_humble/src/path_package/build/path_package
[0.631s] [ 50%] [32mBuilding CXX object CMakeFiles/talker.dir/src/path.cpp.o[0m
[1.149s] [01m[K/home/gim/ros2_humble/src/path_package/src/path.cpp:[m[K In function â€˜[01m[Kint main()[m[Kâ€™:
[1.149s] [01m[K/home/gim/ros2_humble/src/path_package/src/path.cpp:249:19:[m[K [01;31m[Kerror: [m[Kno matching function for call to â€˜[01m[KCDT::Triangulation<double>::insertVertices(<brace-enclosed initializer list>)[m[Kâ€™
[1.149s]   249 | [01;31m[Kcdt.insertVertices({1,1})[m[K;
[1.149s]       | [01;31m[K~~~~~~~~~~~~~~~~~~^~~~~~~[m[K
[1.149s] In file included from [01m[K/home/gim/ros2_humble/src/path_package/./src/CDT/CDT/include/CDT.h:14[m[K,
[1.149s]                  from [01m[K/home/gim/ros2_humble/src/path_package/src/path.cpp:245[m[K:
[1.149s] [01m[K/home/gim/ros2_humble/src/path_package/./src/CDT/CDT/include/Triangulation.h:335:10:[m[K [01;36m[Knote: [m[Kcandidate: â€˜[01m[Ktemplate<class TVertexIter, class TGetVertexCoordX, class TGetVertexCoordY> void CDT::Triangulation<T, TNearPointLocator>::insertVertices(TVertexIter, TVertexIter, TGetVertexCoordX, TGetVertexCoordY) [with TVertexIter = TVertexIter; TGetVertexCoordX = TGetVertexCoordX; TGetVertexCoordY = TGetVertexCoordY; T = double; TNearPointLocator = CDT::LocatorKDTree<double, 32, 32, 32>][m[Kâ€™
[1.149s]   335 |     void [01;36m[KinsertVertices[m[K(
[1.149s]       |          [01;36m[K^~~~~~~~~~~~~~[m[K
[1.149s] [01m[K/home/gim/ros2_humble/src/path_package/./src/CDT/CDT/include/Triangulation.h:335:10:[m[K [01;36m[Knote: [m[K  template argument deduction/substitution failed:
[1.158s] [01m[K/home/gim/ros2_humble/src/path_package/src/path.cpp:249:19:[m[K [01;36m[Knote: [m[K  candidate expects 4 arguments, 1 provided
[1.158s]   249 | [01;36m[Kcdt.insertVertices({1,1})[m[K;
[1.158s]       | [01;36m[K~~~~~~~~~~~~~~~~~~^~~~~~~[m[K
[1.158s] In file included from [01m[K/home/gim/ros2_humble/src/path_package/./src/CDT/CDT/include/Triangulation.h:942[m[K,
[1.158s]                  from [01m[K/home/gim/ros2_humble/src/path_package/./src/CDT/CDT/include/CDT.h:14[m[K,
[1.158s]                  from [01m[K/home/gim/ros2_humble/src/path_package/src/path.cpp:245[m[K:
[1.158s] [01m[K/home/gim/ros2_humble/src/path_package/./src/CDT/CDT/include/Triangulation.hpp:1720:6:[m[K [01;36m[Knote: [m[Kcandidate: â€˜[01m[Kvoid CDT::Triangulation<T, TNearPointLocator>::insertVertices(const std::vector<CDT::V2d<T> >&) [with T = double; TNearPointLocator = CDT::LocatorKDTree<double, 32, 32, 32>][m[Kâ€™
[1.158s]  1720 | void [01;36m[KTriangulation<T, TNearPointLocator>[m[K::insertVertices(
[1.158s]       |      [01;36m[K^~~~~~~~~~~~~~~~~~~~~~~~~~~~~~~~~~~[m[K
[1.158s] [01m[K/home/gim/ros2_humble/src/path_package/./src/CDT/CDT/include/Triangulation.hpp:1721:33:[m[K [01;36m[Knote: [m[K  no known conversion for argument 1 from â€˜[01m[K<brace-enclosed initializer list>[m[Kâ€™ to â€˜[01m[Kconst std::vector<CDT::V2d<double>, std::allocator<CDT::V2d<double> > >&[m[Kâ€™
[1.158s]  1721 |     [01;36m[Kconst std::vector<V2d<T> >& newVertices[m[K)
[1.158s]       |     [01;36m[K~~~~~~~~~~~~~~~~~~~~~~~~~~~~^~~~~~~~~~~[m[K
[1.158s] [01m[K/home/gim/ros2_humble/src/path_package/src/path.cpp:251:24:[m[K [01;31m[Kerror: [m[Kexpected primary-expression before â€˜[01m[K=[m[Kâ€™ token
[1.158s]   251 | /* access triangles */ [01;31m[K=[m[K cdt.triangles;
[1.158s]       |                        [01;31m[K^[m[K
[1.159s] [01m[K/home/gim/ros2_humble/src/path_package/src/path.cpp:252:23:[m[K [01;31m[Kerror: [m[Kexpected primary-expression before â€˜[01m[K=[m[Kâ€™ token
[1.159s]   252 | /* access vertices */ [01;31m[K=[m[K cdt.vertices;
[1.159s]       |                       [01;31m[K^[m[K
[1.159s] [01m[K/home/gim/ros2_humble/src/path_package/src/path.cpp:253:37:[m[K [01;31m[Kerror: [m[Kexpected primary-expression before â€˜[01m[K=[m[Kâ€™ token
[1.159s]   253 | /* access boundary (fixed) edges */ [01;31m[K=[m[K cdt.fixedEdges;
[1.159s]       |                                     [01;31m[K^[m[K
[1.159s] [01m[K/home/gim/ros2_humble/src/path_package/src/path.cpp:254:39:[m[K [01;31m[Kerror: [m[Kexpected primary-expression before â€˜[01m[K=[m[Kâ€™ token
[1.159s]   254 | /* calculate all edges (on demand) */ [01;31m[K=[m[K CDT::extractEdgesFromTriangles(cdt.triangles);
[1.159s]       |                                       [01;31m[K^[m[K
[1.442s] gmake[2]: *** [CMakeFiles/talker.dir/build.make:76: CMakeFiles/talker.dir/src/path.cpp.o] Error 1
[1.442s] gmake[1]: *** [CMakeFiles/Makefile2:155: CMakeFiles/talker.dir/all] Error 2
[1.443s] gmake: *** [Makefile:146: all] Error 2
[1.447s] Invoked command in '/home/gim/ros2_humble/src/path_package/build/path_package' returned '2': CMAKE_PREFIX_PATH=/opt/ros/humble /usr/bin/cmake --build /home/gim/ros2_humble/src/path_package/build/path_package -- -j6 -l6
