[0.013s] Invoking command in '/home/gim/ros2_humble/src/path_package/build/path_package': CMAKE_PREFIX_PATH=${CMAKE_PREFIX_PATH}:/opt/ros/humble /usr/bin/cmake --build /home/gim/ros2_humble/src/path_package/build/path_package -- -j6 -l6
[0.106s] [35m[1mConsolidate compiler generated dependencies of target talker[0m
[0.129s] [ 50%] [32mBuilding CXX object CMakeFiles/talker.dir/src/path.cpp.o[0m
[0.450s] [01m[K/home/gim/ros2_humble/src/path_package/src/path.cpp:246:29:[m[K [01;31m[Kerror: [m[Kâ€˜[01m[Krclcpp[m[Kâ€™ has not been declared
[0.450s]   246 | class LoadDataNode : public [01;31m[Krclcpp[m[K::Node {
[0.452s]       |                             [01;31m[K^~~~~~[m[K
[0.452s] [01m[K/home/gim/ros2_humble/src/path_package/src/path.cpp:246:37:[m[K [01;31m[Kerror: [m[Kexpected â€˜[01m[K{[m[Kâ€™ before â€˜[01m[KNode[m[Kâ€™
[0.452s]   246 | class LoadDataNode : public rclcpp::[01;31m[KNode[m[K {
[0.452s]       |                                     [01;31m[K^~~~[m[K
[0.452s] [01m[K/home/gim/ros2_humble/src/path_package/src/path.cpp:247:1:[m[K [01;31m[Kerror: [m[Kexpected primary-expression before â€˜[01m[Kpublic[m[Kâ€™
[0.452s]   247 | [01;31m[Kpublic[m[K:
[0.452s]       | [01;31m[K^~~~~~[m[K
[0.452s] [01m[K/home/gim/ros2_humble/src/path_package/src/path.cpp:247:1:[m[K [01;31m[Kerror: [m[Kexpected â€˜[01m[K}[m[Kâ€™ before â€˜[01m[Kpublic[m[Kâ€™
[0.452s] [01m[K/home/gim/ros2_humble/src/path_package/src/path.cpp:246:42:[m[K [01;36m[Knote: [m[Kto match this â€˜[01m[K{[m[Kâ€™
[0.452s]   246 | class LoadDataNode : public rclcpp::Node [01;36m[K{[m[K
[0.452s]       |                                          [01;36m[K^[m[K
[0.452s] [01m[K/home/gim/ros2_humble/src/path_package/src/path.cpp:276:1:[m[K [01;31m[Kerror: [m[Kexpected declaration before â€˜[01m[K}[m[Kâ€™ token
[0.452s]   276 | [01;31m[K}[m[K
[0.452s]       | [01;31m[K^[m[K
[0.452s] [01m[K/home/gim/ros2_humble/src/path_package/src/path.cpp:[m[K In function â€˜[01m[Kint main(int, char**)[m[Kâ€™:
[0.452s] [01m[K/home/gim/ros2_humble/src/path_package/src/path.cpp:293:5:[m[K [01;31m[Kerror: [m[Kâ€˜[01m[Krclcpp[m[Kâ€™ has not been declared
[0.452s]   293 |     [01;31m[Krclcpp[m[K::init(argc, argv);
[0.452s]       |     [01;31m[K^~~~~~[m[K
[0.471s] [01m[K/home/gim/ros2_humble/src/path_package/src/path.cpp:295:5:[m[K [01;31m[Kerror: [m[Kâ€˜[01m[Krclcpp[m[Kâ€™ has not been declared
[0.471s]   295 |     [01;31m[Krclcpp[m[K::spin(node);
[0.471s]       |     [01;31m[K^~~~~~[m[K
[0.471s] [01m[K/home/gim/ros2_humble/src/path_package/src/path.cpp:296:5:[m[K [01;31m[Kerror: [m[Kâ€˜[01m[Krclcpp[m[Kâ€™ has not been declared
[0.471s]   296 |     [01;31m[Krclcpp[m[K::shutdown();
[0.471s]       |     [01;31m[K^~~~~~[m[K
[0.583s] In file included from [01m[K/usr/include/c++/11/unordered_map:42[m[K,
[0.583s]                  from [01m[K/usr/include/c++/11/functional:61[m[K,
[0.583s]                  from [01m[K/usr/include/c++/11/pstl/glue_algorithm_defs.h:13[m[K,
[0.583s]                  from [01m[K/usr/include/c++/11/algorithm:74[m[K,
[0.583s]                  from [01m[K/home/gim/ros2_humble/src/path_package/./src/CDT/CDT/include/CDTUtils.h:43[m[K,
[0.583s]                  from [01m[K/home/gim/ros2_humble/src/path_package/./src/CDT/CDT/include/CDT.h:13[m[K,
[0.583s]                  from [01m[K/home/gim/ros2_humble/src/path_package/src/path.cpp:245[m[K:
[0.583s] /usr/include/c++/11/ext/aligned_buffer.h: In instantiation of â€˜[01m[Kstruct __gnu_cxx::__aligned_buffer<LoadDataNode>[m[Kâ€™:
[0.583s] [01m[K/usr/include/c++/11/bits/shared_ptr_base.h:506:35:[m[K   required from â€˜[01m[Kclass std::_Sp_counted_ptr_inplace<LoadDataNode, std::allocator<LoadDataNode>, __gnu_cxx::_S_atomic>::_Impl[m[Kâ€™
[0.583s] [01m[K/usr/include/c++/11/bits/shared_ptr_base.h:567:13:[m[K   required from â€˜[01m[Kclass std::_Sp_counted_ptr_inplace<LoadDataNode, std::allocator<LoadDataNode>, __gnu_cxx::_S_atomic>[m[Kâ€™
[0.583s] [01m[K/usr/include/c++/11/bits/shared_ptr_base.h:647:43:[m[K   required from â€˜[01m[Kstd::__shared_count<_Lp>::__shared_count(_Tp*&, std::_Sp_alloc_shared_tag<_Alloc>, _Args&& ...) [with _Tp = LoadDataNode; _Alloc = std::allocator<LoadDataNode>; _Args = {}; __gnu_cxx::_Lock_policy _Lp = __gnu_cxx::_S_atomic][m[Kâ€™
[0.583s] [01m[K/usr/include/c++/11/bits/shared_ptr_base.h:1342:14:[m[K   required from â€˜[01m[Kstd::__shared_ptr<_Tp, _Lp>::__shared_ptr(std::_Sp_alloc_shared_tag<_Tp>, _Args&& ...) [with _Alloc = std::allocator<LoadDataNode>; _Args = {}; _Tp = LoadDataNode; __gnu_cxx::_Lock_policy _Lp = __gnu_cxx::_S_atomic][m[Kâ€™
[0.583s] [01m[K/usr/include/c++/11/bits/shared_ptr.h:409:59:[m[K   required from â€˜[01m[Kstd::shared_ptr<_Tp>::shared_ptr(std::_Sp_alloc_shared_tag<_Tp>, _Args&& ...) [with _Alloc = std::allocator<LoadDataNode>; _Args = {}; _Tp = LoadDataNode][m[Kâ€™
[0.583s] [01m[K/usr/include/c++/11/bits/shared_ptr.h:862:14:[m[K   required from â€˜[01m[Kstd::shared_ptr<_Tp> std::allocate_shared(const _Alloc&, _Args&& ...) [with _Tp = LoadDataNode; _Alloc = std::allocator<LoadDataNode>; _Args = {}][m[Kâ€™
[0.583s] [01m[K/usr/include/c++/11/bits/shared_ptr.h:878:39:[m[K   required from â€˜[01m[Kstd::shared_ptr<_Tp> std::make_shared(_Args&& ...) [with _Tp = LoadDataNode; _Args = {}][m[Kâ€™
[0.583s] [01m[K/home/gim/ros2_humble/src/path_package/src/path.cpp:294:47:[m[K   required from here
[0.583s] [01m[K/usr/include/c++/11/ext/aligned_buffer.h:91:28:[m[K [01;31m[Kerror: [m[Kinvalid application of â€˜[01m[Ksizeof[m[Kâ€™ to incomplete type â€˜[01m[KLoadDataNode[m[Kâ€™
[0.583s]    91 |     : std::aligned_storage<[01;31m[Ksizeof(_Tp)[m[K, __alignof__(_Tp)>
[0.583s]       |                            [01;31m[K^~~~~~~~~~~[m[K
[0.583s] [01m[K/usr/include/c++/11/ext/aligned_buffer.h:91:28:[m[K [01;31m[Kerror: [m[Kinvalid application of â€˜[01m[Ksizeof[m[Kâ€™ to incomplete type â€˜[01m[KLoadDataNode[m[Kâ€™
[0.608s] gmake[2]: *** [CMakeFiles/talker.dir/build.make:76: CMakeFiles/talker.dir/src/path.cpp.o] Error 1
[0.608s] gmake[1]: *** [CMakeFiles/Makefile2:155: CMakeFiles/talker.dir/all] Error 2
[0.608s] gmake: *** [Makefile:146: all] Error 2
[0.615s] Invoked command in '/home/gim/ros2_humble/src/path_package/build/path_package' returned '2': CMAKE_PREFIX_PATH=${CMAKE_PREFIX_PATH}:/opt/ros/humble /usr/bin/cmake --build /home/gim/ros2_humble/src/path_package/build/path_package -- -j6 -l6
