[0.017s] Invoking command in '/home/gim/ros2_humble/src/path_package/build/path_package': CMAKE_PREFIX_PATH=${CMAKE_PREFIX_PATH}:/opt/ros/humble /usr/bin/cmake --build /home/gim/ros2_humble/src/path_package/build/path_package -- -j6 -l6
[0.061s] [35m[1mConsolidate compiler generated dependencies of target talker[0m
[0.077s] [ 50%] [32mBuilding CXX object CMakeFiles/talker.dir/src/path.cpp.o[0m
[1.815s] [01m[K/home/gim/ros2_humble/src/path_package/src/path.cpp:277:2:[m[K [01;31m[Kerror: [m[Kexpected â€˜[01m[K;[m[Kâ€™ after class definition
[1.815s]   277 | }
[1.815s]       |  [01;31m[K^[m[K
[1.815s]       |  [32m[K;[m[K
[1.815s] [01m[K/home/gim/ros2_humble/src/path_package/src/path.cpp:[m[K In constructor â€˜[01m[KLoadDataNode::LoadDataNode()[m[Kâ€™:
[1.815s] [01m[K/home/gim/ros2_humble/src/path_package/src/path.cpp:254:21:[m[K [01;31m[Kerror: [m[Kâ€˜[01m[KCustomEdge[m[Kâ€™ was not declared in this scope
[1.815s]   254 |         std::vector<[01;31m[KCustomEdge[m[K> edges;
[1.815s]       |                     [01;31m[K^~~~~~~~~~[m[K
[1.815s] [01m[K/home/gim/ros2_humble/src/path_package/src/path.cpp:254:31:[m[K [01;31m[Kerror: [m[Ktemplate argument 1 is invalid
[1.815s]   254 |         std::vector<CustomEdge[01;31m[K>[m[K edges;
[1.815s]       |                               [01;31m[K^[m[K
[1.815s] [01m[K/home/gim/ros2_humble/src/path_package/src/path.cpp:254:31:[m[K [01;31m[Kerror: [m[Ktemplate argument 2 is invalid
[1.821s] [01m[K/home/gim/ros2_humble/src/path_package/src/path.cpp:255:21:[m[K [01;31m[Kerror: [m[Kâ€˜[01m[KCustomPoint2D[m[Kâ€™ was not declared in this scope
[1.821s]   255 |         std::vector<[01;31m[KCustomPoint2D[m[K> points = {{1, 11}, {5, 5}, {5, 8}, {4, 10}, {-2, 11}, {-3, 10}, {-4, 8},
[1.821s]       |                     [01;31m[K^~~~~~~~~~~~~[m[K
[1.821s] [01m[K/home/gim/ros2_humble/src/path_package/src/path.cpp:255:34:[m[K [01;31m[Kerror: [m[Ktemplate argument 1 is invalid
[1.821s]   255 |         std::vector<CustomPoint2D[01;31m[K>[m[K points = {{1, 11}, {5, 5}, {5, 8}, {4, 10}, {-2, 11}, {-3, 10}, {-4, 8},
[1.821s]       |                                  [01;31m[K^[m[K
[1.821s] [01m[K/home/gim/ros2_humble/src/path_package/src/path.cpp:255:34:[m[K [01;31m[Kerror: [m[Ktemplate argument 2 is invalid
[1.821s] [01m[K/home/gim/ros2_humble/src/path_package/src/path.cpp:255:36:[m[K [01;31m[Kerror: [m[Kscalar object â€˜[01m[Kpoints[m[Kâ€™ requires one element in initializer
[1.821s]   255 |         std::vector<CustomPoint2D> [01;31m[Kpoints[m[K = {{1, 11}, {5, 5}, {5, 8}, {4, 10}, {-2, 11}, {-3, 10}, {-4, 8},
[1.821s]       |                                    [01;31m[K^~~~~~[m[K
[1.830s] [01m[K/home/gim/ros2_humble/src/path_package/src/path.cpp:262:58:[m[K [01;31m[Kerror: [m[Kâ€˜[01m[KCustomPoint2D[m[Kâ€™ does not name a type
[1.830s]   262 |             points.begin(),    points.end(),    [](const [01;31m[KCustomPoint2D[m[K& p){ return p.data[0]; },
[1.830s]       |                                                          [01;31m[K^~~~~~~~~~~~~[m[K
[1.830s] [01m[K/home/gim/ros2_humble/src/path_package/src/path.cpp:264:13:[m[K [01;31m[Kerror: [m[Kexpected identifier before â€˜[01m[K[[m[Kâ€™ token
[1.830s]   264 |             [01;31m[K[[m[K](const CustomPoint2D& p){ return p.data[1]; }
[1.830s]       |             [01;31m[K^[m[K
[1.832s] [01m[K/home/gim/ros2_humble/src/path_package/src/path.cpp:264:22:[m[K [01;31m[Kerror: [m[Kâ€˜[01m[KCustomPoint2D[m[Kâ€™ does not name a type
[1.832s]   264 |             [](const [01;31m[KCustomPoint2D[m[K& p){ return p.data[1]; }
[1.832s]       |                      [01;31m[K^~~~~~~~~~~~~[m[K
[1.832s] [01m[K/home/gim/ros2_humble/src/path_package/src/path.cpp:264:38:[m[K [01;31m[Kerror: [m[Kcreating array of functions
[1.832s]   264 |             [](const CustomPoint2D& p[01;31m[K)[m[K{ return p.data[1]; }
[1.832s]       |                                      [01;31m[K^[m[K
[1.832s] [01m[K/home/gim/ros2_humble/src/path_package/src/path.cpp:264:39:[m[K [01;31m[Kerror: [m[Kexpected â€˜[01m[K)[m[Kâ€™ before â€˜[01m[K{[m[Kâ€™ token
[1.832s]   264 |             [](const CustomPoint2D& p)[01;31m[K{[m[K return p.data[1]; }
[1.832s]       |                                       [01;31m[K^[m[K
[1.832s] [01m[K/home/gim/ros2_humble/src/path_package/src/path.cpp:262:51:[m[K [01;36m[Knote: [m[Kto match this â€˜[01m[K([m[Kâ€™
[1.832s]   262 |             points.begin(),    points.end(),    [][01;36m[K([m[Kconst CustomPoint2D& p){ return p.data[0]; },
[1.832s]       |                                                   [01;36m[K^[m[K
[1.835s] [01m[K/home/gim/ros2_humble/src/path_package/src/path.cpp:[m[K In lambda function:
[1.835s] [01m[K/home/gim/ros2_humble/src/path_package/src/path.cpp:264:48:[m[K [01;31m[Kerror: [m[Kâ€˜[01m[Kp[m[Kâ€™ was not declared in this scope
[1.835s]   264 |             [](const CustomPoint2D& p){ return [01;31m[Kp[m[K.data[1]; }
[1.835s]       |                                                [01;31m[K^[m[K
[1.885s] [01m[K/home/gim/ros2_humble/src/path_package/src/path.cpp:[m[K In constructor â€˜[01m[KLoadDataNode::LoadDataNode()[m[Kâ€™:
[1.885s] [01m[K/home/gim/ros2_humble/src/path_package/src/path.cpp:254:33:[m[K [01;35m[Kwarning: [m[Kunused variable â€˜[01m[Kedges[m[Kâ€™ [[01;35m[K]8;;https://gcc.gnu.org/onlinedocs/gcc/Warning-Options.html#index-Wunused-variable-Wunused-variable]8;;[m[K]
[1.885s]   254 |         std::vector<CustomEdge> [01;35m[Kedges[m[K;
[1.885s]       |                                 [01;35m[K^~~~~[m[K
[2.130s] gmake[2]: *** [CMakeFiles/talker.dir/build.make:76: CMakeFiles/talker.dir/src/path.cpp.o] Error 1
[2.130s] gmake[1]: *** [CMakeFiles/Makefile2:155: CMakeFiles/talker.dir/all] Error 2
[2.132s] gmake: *** [Makefile:146: all] Error 2
[2.137s] Invoked command in '/home/gim/ros2_humble/src/path_package/build/path_package' returned '2': CMAKE_PREFIX_PATH=${CMAKE_PREFIX_PATH}:/opt/ros/humble /usr/bin/cmake --build /home/gim/ros2_humble/src/path_package/build/path_package -- -j6 -l6
