[35m[1mConsolidate compiler generated dependencies of target path_pkg[0m
[ 50%] [32mBuilding CXX object CMakeFiles/path_pkg.dir/src/path.cpp.o[0m
[01m[K/home/gim/ros2_humble/src/path_package/src/path.cpp:28:10:[m[K [01;31m[Kfatal error: [m[KEigen/Dense: No such file or directory
   28 | #include [01;31m[K<Eigen/Dense>[m[K
      |          [01;31m[K^~~~~~~~~~~~~[m[K
compilation terminated.
gmake[2]: *** [CMakeFiles/path_pkg.dir/build.make:76: CMakeFiles/path_pkg.dir/src/path.cpp.o] Error 1
gmake[1]: *** [CMakeFiles/Makefile2:155: CMakeFiles/path_pkg.dir/all] Error 2
gmake: *** [Makefile:146: all] Error 2
