[0.012s] Invoking command in '/home/gim/ros2_humble/src/path_package/build/path_package': CMAKE_PREFIX_PATH=/opt/ros/humble /usr/bin/cmake /home/gim/ros2_humble/src/path_package -DCMAKE_INSTALL_PREFIX=/home/gim/ros2_humble/src/path_package/install/path_package
[0.024s] -- CDT_USE_AS_COMPILED_LIBRARY is OFF
[0.024s] -- CDT_USE_64_BIT_INDEX_TYPE is OFF
[0.024s] -- CDT_ENABLE_TESTING is OFF
[0.024s] -- CDT_USE_STRONG_TYPING is OFF
[0.024s] -- CDT_DEVELOPER_BUILD is OFF
[0.142s] -- Found Doxygen: /usr/bin/doxygen (found suitable version "1.9.1", minimum required is "1.9") found components: doxygen dot 
[0.212s] -- Doxygen found: adding documentation target.
[0.219s] -- Found ament_cmake: 1.3.11 (/opt/ros/humble/share/ament_cmake/cmake)
[0.305s] -- Found rclcpp: 16.0.11 (/opt/ros/humble/share/rclcpp/cmake)
[0.305s] -- Found rosidl_generator_c: 3.1.6 (/opt/ros/humble/share/rosidl_generator_c/cmake)
[0.330s] -- Found rosidl_adapter: 3.1.6 (/opt/ros/humble/share/rosidl_adapter/cmake)
[0.330s] -- Found rosidl_generator_cpp: 3.1.6 (/opt/ros/humble/share/rosidl_generator_cpp/cmake)
[0.330s] -- Using all available rosidl_typesupport_c: rosidl_typesupport_fastrtps_c;rosidl_typesupport_introspection_c
[0.344s] -- Using all available rosidl_typesupport_cpp: rosidl_typesupport_fastrtps_cpp;rosidl_typesupport_introspection_cpp
[0.372s] -- Found rmw_implementation_cmake: 6.1.2 (/opt/ros/humble/share/rmw_implementation_cmake/cmake)
[0.372s] -- Found rmw_fastrtps_cpp: 6.2.7 (/opt/ros/humble/share/rmw_fastrtps_cpp/cmake)
[0.452s] -- Using RMW implementation 'rmw_fastrtps_cpp' as default
[0.485s] -- Found ament_lint_auto: 0.12.11 (/opt/ros/humble/share/ament_lint_auto/cmake)
[0.569s] -- Added test 'cppcheck' to perform static code analysis on C / C++ code
[0.569s] -- Configured cppcheck include dirs: 
[0.569s] -- Configured cppcheck exclude dirs and/or files: 
[0.574s] -- Added test 'flake8' to check Python code syntax and style conventions
[0.581s] -- Added test 'lint_cmake' to check CMake code style
[0.585s] -- Added test 'pep257' to check Python code against some of the docstring style conventions in PEP 257
[0.615s] -- Added test 'uncrustify' to check C / C++ code style
[0.615s] -- Configured uncrustify additional arguments: 
[0.620s] -- Added test 'xmllint' to check XML markup files
[0.622s] -- Configuring done
[0.671s] -- Generating done
[0.675s] -- Build files have been written to: /home/gim/ros2_humble/src/path_package/build/path_package
[0.680s] Invoked command in '/home/gim/ros2_humble/src/path_package/build/path_package' returned '0': CMAKE_PREFIX_PATH=/opt/ros/humble /usr/bin/cmake /home/gim/ros2_humble/src/path_package -DCMAKE_INSTALL_PREFIX=/home/gim/ros2_humble/src/path_package/install/path_package
[0.680s] Invoking command in '/home/gim/ros2_humble/src/path_package/build/path_package': CMAKE_PREFIX_PATH=/opt/ros/humble /usr/bin/cmake --build /home/gim/ros2_humble/src/path_package/build/path_package -- -j6 -l6
[0.734s] [ 50%] [32mBuilding CXX object CMakeFiles/talker.dir/src/path.cpp.o[0m
[0.882s] [01m[K/home/gim/ros2_humble/src/path_package/src/path.cpp:7:10:[m[K [01;31m[Kfatal error: [m[Kzed_msgs/msg/cones.hpp: No such file or directory
[0.882s]     7 | #include [01;31m[K"zed_msgs/msg/cones.hpp"[m[K
[0.882s]       |          [01;31m[K^~~~~~~~~~~~~~~~~~~~~~~~[m[K
[0.882s] compilation terminated.
[0.890s] gmake[2]: *** [CMakeFiles/talker.dir/build.make:76: CMakeFiles/talker.dir/src/path.cpp.o] Error 1
[0.890s] gmake[1]: *** [CMakeFiles/Makefile2:155: CMakeFiles/talker.dir/all] Error 2
[0.890s] gmake: *** [Makefile:146: all] Error 2
[0.900s] Invoked command in '/home/gim/ros2_humble/src/path_package/build/path_package' returned '2': CMAKE_PREFIX_PATH=/opt/ros/humble /usr/bin/cmake --build /home/gim/ros2_humble/src/path_package/build/path_package -- -j6 -l6
