[0.032s] Invoking command in '/home/gim/ros2_humble/src/path_package/build/path_package': CMAKE_PREFIX_PATH=${CMAKE_PREFIX_PATH}:/opt/ros/humble /usr/bin/cmake --build /home/gim/ros2_humble/src/path_package/build/path_package -- -j6 -l6
[0.084s] -- CDT_USE_AS_COMPILED_LIBRARY is OFF
[0.084s] -- CDT_USE_64_BIT_INDEX_TYPE is OFF
[0.084s] -- CDT_ENABLE_TESTING is OFF
[0.084s] -- CDT_USE_STRONG_TYPING is OFF
[0.084s] -- CDT_DEVELOPER_BUILD is OFF
[0.139s] -- Doxygen found: adding documentation target.
[0.139s] -- Found ament_cmake: 1.3.11 (/opt/ros/humble/share/ament_cmake/cmake)
[0.234s] -- Found rclcpp: 16.0.11 (/opt/ros/humble/share/rclcpp/cmake)
[0.258s] -- Found rosidl_generator_c: 3.1.6 (/opt/ros/humble/share/rosidl_generator_c/cmake)
[0.258s] -- Found rosidl_adapter: 3.1.6 (/opt/ros/humble/share/rosidl_adapter/cmake)
[0.258s] -- Found rosidl_generator_cpp: 3.1.6 (/opt/ros/humble/share/rosidl_generator_cpp/cmake)
[0.266s] -- Using all available rosidl_typesupport_c: rosidl_typesupport_fastrtps_c;rosidl_typesupport_introspection_c
[0.277s] -- Using all available rosidl_typesupport_cpp: rosidl_typesupport_fastrtps_cpp;rosidl_typesupport_introspection_cpp
[0.300s] -- Found rmw_implementation_cmake: 6.1.2 (/opt/ros/humble/share/rmw_implementation_cmake/cmake)
[0.300s] -- Found rmw_fastrtps_cpp: 6.2.7 (/opt/ros/humble/share/rmw_fastrtps_cpp/cmake)
[0.383s] -- Using RMW implementation 'rmw_fastrtps_cpp' as default
[0.421s] -- Found ament_lint_auto: 0.12.11 (/opt/ros/humble/share/ament_lint_auto/cmake)
[0.674s] -- Added test 'cppcheck' to perform static code analysis on C / C++ code
[0.674s] -- Configured cppcheck include dirs: /home/gim/ros2_humble/src/path_package/./src/CDT/CDT/include
[0.674s] -- Configured cppcheck exclude dirs and/or files: 
[0.684s] -- Added test 'flake8' to check Python code syntax and style conventions
[0.702s] -- Added test 'lint_cmake' to check CMake code style
[0.713s] -- Added test 'pep257' to check Python code against some of the docstring style conventions in PEP 257
[0.779s] -- Added test 'uncrustify' to check C / C++ code style
[0.781s] -- Configured uncrustify additional arguments: 
[0.793s] -- Added test 'xmllint' to check XML markup files
[0.795s] -- Configuring done
[0.828s] -- Generating done
[0.838s] -- Build files have been written to: /home/gim/ros2_humble/src/path_package/build/path_package
[0.869s] [35m[1mConsolidate compiler generated dependencies of target path_pkg[0m
[0.888s] [ 50%] [32mBuilding CXX object CMakeFiles/path_pkg.dir/src/path.cpp.o[0m
[1.073s] In file included from [01m[K/home/gim/ros2_humble/src/path_package/src/path.cpp:32[m[K:
[1.073s] [01m[K/home/gim/ros2_humble/src/path_package/src/path.h:1:13:[m[K [01;35m[Kwarning: [m[Kextra tokens at end of #ifndef directive
[1.073s]     1 | #ifndef path[01;35m[K.[m[Kh
[1.073s]       |             [01;35m[K^[m[K
[2.598s] [01m[K/home/gim/ros2_humble/src/path_package/src/path.cpp:[m[K In constructor â€˜[01m[KLoadDataNode::LoadDataNode()[m[Kâ€™:
[2.598s] [01m[K/home/gim/ros2_humble/src/path_package/src/path.cpp:56:9:[m[K [01;31m[Kerror: [m[Kâ€˜[01m[Kleng_[m[Kâ€™ was not declared in this scope
[2.598s]    56 |         [01;31m[Kleng_[m[K = this->get_parameter("Look_ahead_value").as_double();
[2.598s]       |         [01;31m[K^~~~~[m[K
[2.598s] [01m[K/home/gim/ros2_humble/src/path_package/src/path.cpp:57:9:[m[K [01;31m[Kerror: [m[Kâ€˜[01m[Ksearch_region_[m[Kâ€™ was not declared in this scope
[2.598s]    57 |         [01;31m[Ksearch_region_[m[K = this->get_parameter("search_region_value").as_int();
[2.598s]       |         [01;31m[K^~~~~~~~~~~~~~[m[K
[2.598s] [01m[K/home/gim/ros2_humble/src/path_package/src/path.cpp:58:9:[m[K [01;31m[Kerror: [m[Kâ€˜[01m[Keval_length_[m[Kâ€™ was not declared in this scope
[2.598s]    58 |         [01;31m[Keval_length_[m[K = this->get_parameter("eval_length_value").as_int();
[2.598s]       |         [01;31m[K^~~~~~~~~~~~[m[K
[2.608s] [01m[K/home/gim/ros2_humble/src/path_package/src/path.cpp:59:9:[m[K [01;31m[Kerror: [m[Kâ€˜[01m[KnumWaypoints_to_spline_[m[Kâ€™ was not declared in this scope
[2.608s]    59 |         [01;31m[KnumWaypoints_to_spline_[m[K = this->get_parameter("numWaypoints_to_spline_value").as_int();
[2.608s]       |         [01;31m[K^~~~~~~~~~~~~~~~~~~~~~~[m[K
[2.608s] [01m[K/home/gim/ros2_humble/src/path_package/src/path.cpp:60:9:[m[K [01;31m[Kerror: [m[Kâ€˜[01m[Kspline_curvature_constrain_[m[Kâ€™ was not declared in this scope
[2.608s]    60 |         [01;31m[Kspline_curvature_constrain_[m[K = this->get_parameter("Spline_curvature_constrain_value").as_int();
[2.608s]       |         [01;31m[K^~~~~~~~~~~~~~~~~~~~~~~~~~~[m[K
[2.608s] [01m[K/home/gim/ros2_humble/src/path_package/src/path.cpp:61:9:[m[K [01;31m[Kerror: [m[Kâ€˜[01m[KVmax_[m[Kâ€™ was not declared in this scope
[2.608s]    61 |         [01;31m[KVmax_[m[K = this->get_parameter("Max_Velocity_value").as_double();
[2.608s]       |         [01;31m[K^~~~~[m[K
[2.626s] [01m[K/home/gim/ros2_humble/src/path_package/src/path.cpp:62:9:[m[K [01;31m[Kerror: [m[Kâ€˜[01m[KVmin_[m[Kâ€™ was not declared in this scope
[2.626s]    62 |         [01;31m[KVmin_[m[K = this->get_parameter("Min_Velocity_value").as_double();
[2.626s]       |         [01;31m[K^~~~~[m[K
[2.629s] [01m[K/home/gim/ros2_humble/src/path_package/src/path.cpp:63:9:[m[K [01;31m[Kerror: [m[Kâ€˜[01m[KRCmax_[m[Kâ€™ was not declared in this scope
[2.629s]    63 |         [01;31m[KRCmax_[m[K = this->get_parameter("Max_curvature_value").as_int();
[2.629s]       |         [01;31m[K^~~~~~[m[K
[2.634s] [01m[K/home/gim/ros2_humble/src/path_package/src/path.cpp:64:9:[m[K [01;31m[Kerror: [m[Kâ€˜[01m[Kfilter_param_distance_[m[Kâ€™ was not declared in this scope
[2.634s]    64 |         [01;31m[Kfilter_param_distance_[m[K = this->get_parameter("Cones_filter_param_distance").as_double();
[2.634s]       |         [01;31m[K^~~~~~~~~~~~~~~~~~~~~~[m[K
[2.641s] [01m[K/home/gim/ros2_humble/src/path_package/src/path.cpp:65:9:[m[K [01;31m[Kerror: [m[Kâ€˜[01m[Kfilter_param_y_[m[Kâ€™ was not declared in this scope
[2.641s]    65 |         [01;31m[Kfilter_param_y_[m[K = this->get_parameter("Cones_filter_param_y").as_double();
[2.641s]       |         [01;31m[K^~~~~~~~~~~~~~~[m[K
[2.641s] [01m[K/home/gim/ros2_humble/src/path_package/src/path.cpp:66:9:[m[K [01;31m[Kerror: [m[Kâ€˜[01m[Kmax_spline_degree_[m[Kâ€™ was not declared in this scope
[2.641s]    66 |         [01;31m[Kmax_spline_degree_[m[K = this->get_parameter("Max_spline_degree").as_int();
[2.641s]       |         [01;31m[K^~~~~~~~~~~~~~~~~~[m[K
[2.641s] [01m[K/home/gim/ros2_humble/src/path_package/src/path.cpp:68:9:[m[K [01;31m[Kerror: [m[Kâ€˜[01m[Kwaypoint_threshold_[m[Kâ€™ was not declared in this scope
[2.641s]    68 |         [01;31m[Kwaypoint_threshold_[m[K = 6;
[2.641s]       |         [01;31m[K^~~~~~~~~~~~~~~~~~~[m[K
[2.641s] [01m[K/home/gim/ros2_humble/src/path_package/src/path.cpp:69:9:[m[K [01;31m[Kerror: [m[Kâ€˜[01m[Kspecial_case_[m[Kâ€™ was not declared in this scope
[2.641s]    69 |         [01;31m[Kspecial_case_[m[K = 0;
[2.641s]       |         [01;31m[K^~~~~~~~~~~~~[m[K
[2.663s] [01m[K/home/gim/ros2_humble/src/path_package/src/path.cpp:70:9:[m[K [01;31m[Kerror: [m[Kâ€˜[01m[Kspline_degree_[m[Kâ€™ was not declared in this scope
[2.663s]    70 |         [01;31m[Kspline_degree_[m[K = 1;
[2.663s]       |         [01;31m[K^~~~~~~~~~~~~~[m[K
[2.663s] [01m[K/home/gim/ros2_humble/src/path_package/src/path.cpp:71:9:[m[K [01;31m[Kerror: [m[Kâ€˜[01m[KSpecialActivated_[m[Kâ€™ was not declared in this scope
[2.663s]    71 |         [01;31m[KSpecialActivated_[m[K = false;
[2.663s]       |         [01;31m[K^~~~~~~~~~~~~~~~~[m[K
[2.663s] [01m[K/home/gim/ros2_humble/src/path_package/src/path.cpp:72:9:[m[K [01;31m[Kerror: [m[Kâ€˜[01m[Kla_dyn_[m[Kâ€™ was not declared in this scope
[2.663s]    72 |         [01;31m[Kla_dyn_[m[K = (leng_ == 0.0);
[2.663s]       |         [01;31m[K^~~~~~~[m[K
[2.663s] [01m[K/home/gim/ros2_humble/src/path_package/src/path.cpp:73:9:[m[K [01;31m[Kerror: [m[Kâ€˜[01m[Kpred_eval_length_[m[Kâ€™ was not declared in this scope
[2.663s]    73 |         [01;31m[Kpred_eval_length_[m[K = 20;
[2.663s]       |         [01;31m[K^~~~~~~~~~~~~~~~~[m[K
[2.663s] [01m[K/home/gim/ros2_humble/src/path_package/src/path.cpp:74:9:[m[K [01;31m[Kerror: [m[Kâ€˜[01m[Kavg_curvature_[m[Kâ€™ was not declared in this scope
[2.663s]    74 |         [01;31m[Kavg_curvature_[m[K = 5.0;
[2.663s]       |         [01;31m[K^~~~~~~~~~~~~~[m[K
[2.663s] [01m[K/home/gim/ros2_humble/src/path_package/src/path.cpp:75:9:[m[K [01;31m[Kerror: [m[Kâ€˜[01m[Karclen_minore_[m[Kâ€™ was not declared in this scope
[2.663s]    75 |         [01;31m[Karclen_minore_[m[K = false;
[2.663s]       |         [01;31m[K^~~~~~~~~~~~~~[m[K
[2.663s] [01m[K/home/gim/ros2_humble/src/path_package/src/path.cpp:94:9:[m[K [01;31m[Kerror: [m[Kâ€˜[01m[Ksubscription_cones_[m[Kâ€™ was not declared in this scope
[2.663s]    94 |         [01;31m[Ksubscription_cones_[m[K = this->create_subscription<zed_msgs::msg::Cones>(
[2.663s]       |         [01;31m[K^~~~~~~~~~~~~~~~~~~[m[K
[2.663s] [01m[K/home/gim/ros2_humble/src/path_package/src/path.cpp:94:57:[m[K [01;31m[Kerror: [m[Kâ€˜[01m[Kzed_msgs[m[Kâ€™ was not declared in this scope
[2.663s]    94 |         subscription_cones_ = this->create_subscription<[01;31m[Kzed_msgs[m[K::msg::Cones>(
[2.663s]       |                                                         [01;31m[K^~~~~~~~[m[K
[2.663s] [01m[K/home/gim/ros2_humble/src/path_package/src/path.cpp:94:37:[m[K [01;31m[Kerror: [m[Kparse error in template argument list
[2.663s]    94 |         subscription_cones_ = this->[01;31m[Kcreate_subscription<zed_msgs::msg::Cones>[m[K(
[2.663s]       |                                     [01;31m[K^~~~~~~~~~~~~~~~~~~~~~~~~~~~~~~~~~~~~~~~~[m[K
[2.663s] In file included from [01m[K/usr/include/c++/11/pstl/glue_algorithm_defs.h:13[m[K,
[2.663s]                  from [01m[K/usr/include/c++/11/algorithm:74[m[K,
[2.663s]                  from [01m[K/opt/ros/humble/include/rclcpp/rclcpp/executor.hpp:18[m[K,
[2.663s]                  from [01m[K/opt/ros/humble/include/rclcpp/rclcpp/executors/multi_threaded_executor.hpp:25[m[K,
[2.663s]                  from [01m[K/opt/ros/humble/include/rclcpp/rclcpp/executors.hpp:21[m[K,
[2.663s]                  from [01m[K/opt/ros/humble/include/rclcpp/rclcpp/rclcpp.hpp:155[m[K,
[2.663s]                  from [01m[K/home/gim/ros2_humble/src/path_package/src/path.cpp:1[m[K:
[2.663s] /usr/include/c++/11/functional: In instantiation of â€˜[01m[Kstruct std::_Bind_check_arity<void (LoadDataNode::*)(), LoadDataNode*, const std::_Placeholder<1>&>[m[Kâ€™:
[2.663s] [01m[K/usr/include/c++/11/functional:768:12:[m[K   required from â€˜[01m[Kstruct std::_Bind_helper<false, void (LoadDataNode::*)(), LoadDataNode*, const std::_Placeholder<1>&>[m[Kâ€™
[2.663s] [01m[K/usr/include/c++/11/functional:789:5:[m[K   required by substitution of â€˜[01m[Ktemplate<class _Func, class ... _BoundArgs> typename std::_Bind_helper<std::__is_socketlike<_Func>::value, _Func, _BoundArgs ...>::type std::bind(_Func&&, _BoundArgs&& ...) [with _Func = void (LoadDataNode::*)(); _BoundArgs = {LoadDataNode*, const std::_Placeholder<1>&}][m[Kâ€™
[2.663s] [01m[K/home/gim/ros2_humble/src/path_package/src/path.cpp:95:52:[m[K   required from here
[2.663s] [01m[K/usr/include/c++/11/functional:756:21:[m[K [01;31m[Kerror: [m[Kstatic assertion failed: Wrong number of arguments for pointer-to-member
[2.663s]   755 |       static_assert(_Varargs::[01;31m[Kvalue[m[K
[2.663s]       |                               [01;31m[K~~~~~[m[K
[2.663s]   756 | [01;31m[K                    ? sizeof...(_BoundArgs) >= _Arity::value + 1[m[K
[2.663s]       |                     [01;31m[K^~~~~~~~~~~~~~~~~~~~~~~~~~~~~~~~~~~~~~~~~~~~[m[K
[2.663s]   757 | [01;31m[K                    : sizeof...(_BoundArgs) == _Arity::value + 1[m[K,
[2.663s]       |                     [01;31m[K~~~~~~~~~~~~~~~~~~~~~~~~~~~~~~~~~~~~~~~~~~~~[m[K
[2.663s] [01m[K/usr/include/c++/11/functional:756:21:[m[K [01;36m[Knote: [m[Kâ€˜[01m[K(false ? (2 >= (((long unsigned int)std::integral_constant<long unsigned int, 0>::value) + 1)) : (2 == (((long unsigned int)std::integral_constant<long unsigned int, 0>::value) + 1)))[m[Kâ€™ evaluates to false
[2.663s] [01m[K/home/gim/ros2_humble/src/path_package/src/path.cpp:94:78:[m[K [01;31m[Kerror: [m[Kno matching function for call to â€˜[01m[KLoadDataNode::create_subscription<<expression error> >(const char [24], int, std::_Bind_helper<false, void (LoadDataNode::*)(), LoadDataNode*, const std::_Placeholder<1>&>::type)[m[Kâ€™
[2.663s]    94 |  subscription_cones_ = [01;31m[Kthis->create_subscription<zed_msgs::msg::Cones>([m[K
[2.663s]       |                        [01;31m[K~~~~~~~~~~~~~~~~~~~~~~~~~~~~~~~~~~~~~~~~~~~~~~~^[m[K
[2.663s] 
[2.663s]    95 | [01;31m[K     "/zed2i/topic_bbox_zed3d", 1, std::bind(&LoadDataNode::timer_callback, this, _1))[m[K;
[2.663s]       |      [01;31m[K~~~~~~~~~~~~~~~~~~~~~~~~~~~~~~~~~~~~~~~~~~~~~~~~~~~~~~~~~~~~~~~~~~~~~~~~~~~~~~~~~[m[K
[2.663s] 
[2.663s] In file included from [01m[K/opt/ros/humble/include/rclcpp/rclcpp/executors/single_threaded_executor.hpp:28[m[K,
[2.663s]                  from [01m[K/opt/ros/humble/include/rclcpp/rclcpp/executors.hpp:22[m[K,
[2.663s]                  from [01m[K/opt/ros/humble/include/rclcpp/rclcpp/rclcpp.hpp:155[m[K,
[2.663s]                  from [01m[K/home/gim/ros2_humble/src/path_package/src/path.cpp:1[m[K:
[2.663s] [01m[K/opt/ros/humble/include/rclcpp/rclcpp/node.hpp:219:3:[m[K [01;36m[Knote: [m[Kcandidate: â€˜[01m[Ktemplate<class MessageT, class CallbackT, class AllocatorT, class SubscriptionT, class MessageMemoryStrategyT> std::shared_ptr<ROSMessageT> rclcpp::Node::create_subscription(const string&, const rclcpp::QoS&, CallbackT&&, const rclcpp::SubscriptionOptionsWithAllocator<AllocatorT>&, typename MessageMemoryStrategyT::SharedPtr)[m[Kâ€™
[2.663s]   219 |   [01;36m[Kcreate_subscription[m[K(
[2.663s]       |   [01;36m[K^~~~~~~~~~~~~~~~~~~[m[K
[2.663s] [01m[K/opt/ros/humble/include/rclcpp/rclcpp/node.hpp:219:3:[m[K [01;36m[Knote: [m[K  template argument deduction/substitution failed:
[2.663s] [01m[K/home/gim/ros2_humble/src/path_package/src/path.cpp:94:78:[m[K [01;31m[Kerror: [m[Ktemplate argument 1 is invalid
[2.663s]    94 |  subscription_cones_ = [01;31m[Kthis->create_subscription<zed_msgs::msg::Cones>([m[K
[2.663s]       |                        [01;31m[K~~~~~~~~~~~~~~~~~~~~~~~~~~~~~~~~~~~~~~~~~~~~~~~^[m[K
[2.663s] 
[2.663s]    95 | [01;31m[K     "/zed2i/topic_bbox_zed3d", 1, std::bind(&LoadDataNode::timer_callback, this, _1))[m[K;
[2.663s]       |      [01;31m[K~~~~~~~~~~~~~~~~~~~~~~~~~~~~~~~~~~~~~~~~~~~~~~~~~~~~~~~~~~~~~~~~~~~~~~~~~~~~~~~~~[m[K
[2.663s] 
[2.663s] [01m[K/home/gim/ros2_humble/src/path_package/src/path.cpp:98:9:[m[K [01;31m[Kerror: [m[Kâ€˜[01m[Kpublisher_waypoints_[m[Kâ€™ was not declared in this scope
[2.663s]    98 |         [01;31m[Kpublisher_waypoints_[m[K = this->create_publisher<control_msgs::msg::WaypointArrayStamped>("Waypoints", 1);
[2.663s]       |         [01;31m[K^~~~~~~~~~~~~~~~~~~~[m[K
[2.663s] [01m[K/home/gim/ros2_humble/src/path_package/src/path.cpp:98:55:[m[K [01;31m[Kerror: [m[Kâ€˜[01m[Kcontrol_msgs[m[Kâ€™ was not declared in this scope
[2.663s]    98 |         publisher_waypoints_ = this->create_publisher<[01;31m[Kcontrol_msgs[m[K::msg::WaypointArrayStamped>("Waypoints", 1);
[2.663s]       |                                                       [01;31m[K^~~~~~~~~~~~[m[K
[2.663s] [01m[K/home/gim/ros2_humble/src/path_package/src/path.cpp:98:38:[m[K [01;31m[Kerror: [m[Kparse error in template argument list
[2.663s]    98 |         publisher_waypoints_ = this->[01;31m[Kcreate_publisher<control_msgs::msg::WaypointArrayStamped>[m[K("Waypoints", 1);
[2.663s]       |                                      [01;31m[K^~~~~~~~~~~~~~~~~~~~~~~~~~~~~~~~~~~~~~~~~~~~~~~~~~~~~~~~~[m[K
[2.663s] [01m[K/home/gim/ros2_humble/src/path_package/src/path.cpp:98:95:[m[K [01;31m[Kerror: [m[Kno matching function for call to â€˜[01m[KLoadDataNode::create_publisher<<expression error> >(const char [10], int)[m[Kâ€™
[2.663s]    98 | [01;31m[Ks->create_publisher<control_msgs::msg::WaypointArrayStamped>("Waypoints", 1)[m[K;
[2.663s]       | [01;31m[K~~~~~~~~~~~~~~~~~~~~~~~~~~~~~~~~~~~~~~~~~~~~~~~~~~~~~~~~~~~~^~~~~~~~~~~~~~~~[m[K
[2.663s] 
[2.663s] In file included from [01m[K/opt/ros/humble/include/rclcpp/rclcpp/executors/single_threaded_executor.hpp:28[m[K,
[2.663s]                  from [01m[K/opt/ros/humble/include/rclcpp/rclcpp/executors.hpp:22[m[K,
[2.663s]                  from [01m[K/opt/ros/humble/include/rclcpp/rclcpp/rclcpp.hpp:155[m[K,
[2.663s]                  from [01m[K/home/gim/ros2_humble/src/path_package/src/path.cpp:1[m[K:
[2.663s] [01m[K/opt/ros/humble/include/rclcpp/rclcpp/node.hpp:195:3:[m[K [01;36m[Knote: [m[Kcandidate: â€˜[01m[Ktemplate<class MessageT, class AllocatorT, class PublisherT> std::shared_ptr<PublisherT> rclcpp::Node::create_publisher(const string&, const rclcpp::QoS&, const rclcpp::PublisherOptionsWithAllocator<AllocatorT>&)[m[Kâ€™
[2.663s]   195 |   [01;36m[Kcreate_publisher[m[K(
[2.663s]       |   [01;36m[K^~~~~~~~~~~~~~~~[m[K
[2.663s] [01m[K/opt/ros/humble/include/rclcpp/rclcpp/node.hpp:195:3:[m[K [01;36m[Knote: [m[K  template argument deduction/substitution failed:
[2.663s] [01m[K/home/gim/ros2_humble/src/path_package/src/path.cpp:98:95:[m[K [01;31m[Kerror: [m[Ktemplate argument 1 is invalid
[2.663s]    98 | [01;31m[Ks->create_publisher<control_msgs::msg::WaypointArrayStamped>("Waypoints", 1)[m[K;
[2.663s]       | [01;31m[K~~~~~~~~~~~~~~~~~~~~~~~~~~~~~~~~~~~~~~~~~~~~~~~~~~~~~~~~~~~~^~~~~~~~~~~~~~~~[m[K
[2.663s] 
[2.719s] [01m[K/home/gim/ros2_humble/src/path_package/src/path.cpp:100:9:[m[K [01;31m[Kerror: [m[Kâ€˜[01m[Kpublisher_ref_waypoint_[m[Kâ€™ was not declared in this scope
[2.719s]   100 |         [01;31m[Kpublisher_ref_waypoint_[m[K = this->create_publisher<control_msgs::msg::WaypointArrayStamped>("Waypoint_filtered", 1);
[2.719s]       |         [01;31m[K^~~~~~~~~~~~~~~~~~~~~~~[m[K
[2.719s] [01m[K/home/gim/ros2_humble/src/path_package/src/path.cpp:100:41:[m[K [01;31m[Kerror: [m[Kparse error in template argument list
[2.719s]   100 |         publisher_ref_waypoint_ = this->[01;31m[Kcreate_publisher<control_msgs::msg::WaypointArrayStamped>[m[K("Waypoint_filtered", 1);
[2.719s]       |                                         [01;31m[K^~~~~~~~~~~~~~~~~~~~~~~~~~~~~~~~~~~~~~~~~~~~~~~~~~~~~~~~~[m[K
[2.719s] [01m[K/home/gim/ros2_humble/src/path_package/src/path.cpp:100:98:[m[K [01;31m[Kerror: [m[Kno matching function for call to â€˜[01m[KLoadDataNode::create_publisher<control_msgs>(const char [18], int)[m[Kâ€™
[2.719s]   100 | [01;31m[Ks->create_publisher<control_msgs::msg::WaypointArrayStamped>("Waypoint_filtered", 1)[m[K;
[2.719s]       | [01;31m[K~~~~~~~~~~~~~~~~~~~~~~~~~~~~~~~~~~~~~~~~~~~~~~~~~~~~~~~~~~~~^~~~~~~~~~~~~~~~~~~~~~~~[m[K
[2.719s] 
[2.719s] In file included from [01m[K/opt/ros/humble/include/rclcpp/rclcpp/executors/single_threaded_executor.hpp:28[m[K,
[2.719s]                  from [01m[K/opt/ros/humble/include/rclcpp/rclcpp/executors.hpp:22[m[K,
[2.719s]                  from [01m[K/opt/ros/humble/include/rclcpp/rclcpp/rclcpp.hpp:155[m[K,
[2.719s]                  from [01m[K/home/gim/ros2_humble/src/path_package/src/path.cpp:1[m[K:
[2.719s] [01m[K/opt/ros/humble/include/rclcpp/rclcpp/node.hpp:195:3:[m[K [01;36m[Knote: [m[Kcandidate: â€˜[01m[Ktemplate<class MessageT, class AllocatorT, class PublisherT> std::shared_ptr<PublisherT> rclcpp::Node::create_publisher(const string&, const rclcpp::QoS&, const rclcpp::PublisherOptionsWithAllocator<AllocatorT>&)[m[Kâ€™
[2.719s]   195 |   [01;36m[Kcreate_publisher[m[K(
[2.719s]       |   [01;36m[K^~~~~~~~~~~~~~~~[m[K
[2.719s] [01m[K/opt/ros/humble/include/rclcpp/rclcpp/node.hpp:195:3:[m[K [01;36m[Knote: [m[K  template argument deduction/substitution failed:
[2.725s] [01m[K/home/gim/ros2_humble/src/path_package/src/path.cpp:101:9:[m[K [01;31m[Kerror: [m[Kâ€˜[01m[Kpublisher_spline_points_[m[Kâ€™ was not declared in this scope
[2.725s]   101 |         [01;31m[Kpublisher_spline_points_[m[K = this->create_publisher<control_msgs::msg::WaypointArrayStamped>("Spline_Points", 1);
[2.725s]       |         [01;31m[K^~~~~~~~~~~~~~~~~~~~~~~~[m[K
[2.725s] [01m[K/home/gim/ros2_humble/src/path_package/src/path.cpp:101:42:[m[K [01;31m[Kerror: [m[Kparse error in template argument list
[2.725s]   101 |         publisher_spline_points_ = this->[01;31m[Kcreate_publisher<control_msgs::msg::WaypointArrayStamped>[m[K("Spline_Points", 1);
[2.725s]       |                                          [01;31m[K^~~~~~~~~~~~~~~~~~~~~~~~~~~~~~~~~~~~~~~~~~~~~~~~~~~~~~~~~[m[K
[2.725s] [01m[K/home/gim/ros2_humble/src/path_package/src/path.cpp:101:99:[m[K [01;31m[Kerror: [m[Kno matching function for call to â€˜[01m[KLoadDataNode::create_publisher<control_msgs>(const char [14], int)[m[Kâ€™
[2.725s]   101 | [01;31m[Ks->create_publisher<control_msgs::msg::WaypointArrayStamped>("Spline_Points", 1)[m[K;
[2.725s]       | [01;31m[K~~~~~~~~~~~~~~~~~~~~~~~~~~~~~~~~~~~~~~~~~~~~~~~~~~~~~~~~~~~~^~~~~~~~~~~~~~~~~~~~[m[K
[2.725s] 
[2.725s] In file included from [01m[K/opt/ros/humble/include/rclcpp/rclcpp/executors/single_threaded_executor.hpp:28[m[K,
[2.725s]                  from [01m[K/opt/ros/humble/include/rclcpp/rclcpp/executors.hpp:22[m[K,
[2.725s]                  from [01m[K/opt/ros/humble/include/rclcpp/rclcpp/rclcpp.hpp:155[m[K,
[2.725s]                  from [01m[K/home/gim/ros2_humble/src/path_package/src/path.cpp:1[m[K:
[2.725s] [01m[K/opt/ros/humble/include/rclcpp/rclcpp/node.hpp:195:3:[m[K [01;36m[Knote: [m[Kcandidate: â€˜[01m[Ktemplate<class MessageT, class AllocatorT, class PublisherT> std::shared_ptr<PublisherT> rclcpp::Node::create_publisher(const string&, const rclcpp::QoS&, const rclcpp::PublisherOptionsWithAllocator<AllocatorT>&)[m[Kâ€™
[2.725s]   195 |   [01;36m[Kcreate_publisher[m[K(
[2.725s]       |   [01;36m[K^~~~~~~~~~~~~~~~[m[K
[2.725s] [01m[K/opt/ros/humble/include/rclcpp/rclcpp/node.hpp:195:3:[m[K [01;36m[Knote: [m[K  template argument deduction/substitution failed:
[2.732s] [01m[K/home/gim/ros2_humble/src/path_package/src/path.cpp:102:9:[m[K [01;31m[Kerror: [m[Kâ€˜[01m[Kpublisher_special_case_[m[Kâ€™ was not declared in this scope
[2.732s]   102 |         [01;31m[Kpublisher_special_case_[m[K = this->create_publisher<path_interfaces::msg::Pubxy>("Special_case", 1);
[2.732s]       |         [01;31m[K^~~~~~~~~~~~~~~~~~~~~~~[m[K
[2.736s] [01m[K/home/gim/ros2_humble/src/path_package/src/path.cpp:102:58:[m[K [01;31m[Kerror: [m[Kâ€˜[01m[Kpath_interfaces[m[Kâ€™ was not declared in this scope; did you mean â€˜[01m[Krcl_interfaces[m[Kâ€™?
[2.736s]   102 |         publisher_special_case_ = this->create_publisher<[01;31m[Kpath_interfaces[m[K::msg::Pubxy>("Special_case", 1);
[2.736s]       |                                                          [01;31m[K^~~~~~~~~~~~~~~[m[K
[2.736s]       |                                                          [32m[Krcl_interfaces[m[K
[2.736s] [01m[K/home/gim/ros2_humble/src/path_package/src/path.cpp:102:41:[m[K [01;31m[Kerror: [m[Kparse error in template argument list
[2.736s]   102 |         publisher_special_case_ = this->[01;31m[Kcreate_publisher<path_interfaces::msg::Pubxy>[m[K("Special_case", 1);
[2.736s]       |                                         [01;31m[K^~~~~~~~~~~~~~~~~~~~~~~~~~~~~~~~~~~~~~~~~~~~~[m[K
[2.736s] [01m[K/home/gim/ros2_humble/src/path_package/src/path.cpp:102:86:[m[K [01;31m[Kerror: [m[Kno matching function for call to â€˜[01m[KLoadDataNode::create_publisher<<expression error> >(const char [13], int)[m[Kâ€™
[2.736s]   102 | _case_ = [01;31m[Kthis->create_publisher<path_interfaces::msg::Pubxy>("Special_case", 1)[m[K;
[2.736s]       |          [01;31m[K~~~~~~~~~~~~~~~~~~~~~~~~~~~~~~~~~~~~~~~~~~~~~~~~~~~^~~~~~~~~~~~~~~~~~~[m[K
[2.736s] 
[2.736s] In file included from [01m[K/opt/ros/humble/include/rclcpp/rclcpp/executors/single_threaded_executor.hpp:28[m[K,
[2.736s]                  from [01m[K/opt/ros/humble/include/rclcpp/rclcpp/executors.hpp:22[m[K,
[2.736s]                  from [01m[K/opt/ros/humble/include/rclcpp/rclcpp/rclcpp.hpp:155[m[K,
[2.736s]                  from [01m[K/home/gim/ros2_humble/src/path_package/src/path.cpp:1[m[K:
[2.736s] [01m[K/opt/ros/humble/include/rclcpp/rclcpp/node.hpp:195:3:[m[K [01;36m[Knote: [m[Kcandidate: â€˜[01m[Ktemplate<class MessageT, class AllocatorT, class PublisherT> std::shared_ptr<PublisherT> rclcpp::Node::create_publisher(const string&, const rclcpp::QoS&, const rclcpp::PublisherOptionsWithAllocator<AllocatorT>&)[m[Kâ€™
[2.736s]   195 |   [01;36m[Kcreate_publisher[m[K(
[2.736s]       |   [01;36m[K^~~~~~~~~~~~~~~~[m[K
[2.736s] [01m[K/opt/ros/humble/include/rclcpp/rclcpp/node.hpp:195:3:[m[K [01;36m[Knote: [m[K  template argument deduction/substitution failed:
[2.736s] [01m[K/home/gim/ros2_humble/src/path_package/src/path.cpp:102:86:[m[K [01;31m[Kerror: [m[Ktemplate argument 1 is invalid
[2.736s]   102 | _case_ = [01;31m[Kthis->create_publisher<path_interfaces::msg::Pubxy>("Special_case", 1)[m[K;
[2.736s]       |          [01;31m[K~~~~~~~~~~~~~~~~~~~~~~~~~~~~~~~~~~~~~~~~~~~~~~~~~~~^~~~~~~~~~~~~~~~~~~[m[K
[2.736s] 
[2.741s] [01m[K/home/gim/ros2_humble/src/path_package/src/path.cpp:103:9:[m[K [01;31m[Kerror: [m[Kâ€˜[01m[Kpublisher_velocity_[m[Kâ€™ was not declared in this scope
[2.741s]   103 |         [01;31m[Kpublisher_velocity_[m[K = this->create_publisher<control_msgs::msg::RefData>("ReferenceData", 1);
[2.741s]       |         [01;31m[K^~~~~~~~~~~~~~~~~~~[m[K
[2.741s] [01m[K/home/gim/ros2_humble/src/path_package/src/path.cpp:103:37:[m[K [01;31m[Kerror: [m[Kparse error in template argument list
[2.741s]   103 |         publisher_velocity_ = this->[01;31m[Kcreate_publisher<control_msgs::msg::RefData>[m[K("ReferenceData", 1);
[2.741s]       |                                     [01;31m[K^~~~~~~~~~~~~~~~~~~~~~~~~~~~~~~~~~~~~~~~~~~~[m[K
[2.741s] [01m[K/home/gim/ros2_humble/src/path_package/src/path.cpp:103:81:[m[K [01;31m[Kerror: [m[Kno matching function for call to â€˜[01m[KLoadDataNode::create_publisher<control_msgs>(const char [14], int)[m[Kâ€™
[2.741s]   103 | locity_ = [01;31m[Kthis->create_publisher<control_msgs::msg::RefData>("ReferenceData", 1)[m[K;
[2.741s]       |           [01;31m[K~~~~~~~~~~~~~~~~~~~~~~~~~~~~~~~~~~~~~~~~~~~~~~~~~~^~~~~~~~~~~~~~~~~~~~[m[K
[2.741s] 
[2.741s] In file included from [01m[K/opt/ros/humble/include/rclcpp/rclcpp/executors/single_threaded_executor.hpp:28[m[K,
[2.741s]                  from [01m[K/opt/ros/humble/include/rclcpp/rclcpp/executors.hpp:22[m[K,
[2.741s]                  from [01m[K/opt/ros/humble/include/rclcpp/rclcpp/rclcpp.hpp:155[m[K,
[2.741s]                  from [01m[K/home/gim/ros2_humble/src/path_package/src/path.cpp:1[m[K:
[2.741s] [01m[K/opt/ros/humble/include/rclcpp/rclcpp/node.hpp:195:3:[m[K [01;36m[Knote: [m[Kcandidate: â€˜[01m[Ktemplate<class MessageT, class AllocatorT, class PublisherT> std::shared_ptr<PublisherT> rclcpp::Node::create_publisher(const string&, const rclcpp::QoS&, const rclcpp::PublisherOptionsWithAllocator<AllocatorT>&)[m[Kâ€™
[2.741s]   195 |   [01;36m[Kcreate_publisher[m[K(
[2.741s]       |   [01;36m[K^~~~~~~~~~~~~~~~[m[K
[2.741s] [01m[K/opt/ros/humble/include/rclcpp/rclcpp/node.hpp:195:3:[m[K [01;36m[Knote: [m[K  template argument deduction/substitution failed:
[2.747s] [01m[K/home/gim/ros2_humble/src/path_package/src/path.cpp:104:9:[m[K [01;31m[Kerror: [m[Kâ€˜[01m[Kpublisher_filtered_cones_[m[Kâ€™ was not declared in this scope
[2.747s]   104 |         [01;31m[Kpublisher_filtered_cones_[m[K = this->create_publisher<zed_msgs::msg::Cones>("Filtered_Cones", 1);
[2.747s]       |         [01;31m[K^~~~~~~~~~~~~~~~~~~~~~~~~[m[K
[2.747s] [01m[K/home/gim/ros2_humble/src/path_package/src/path.cpp:104:43:[m[K [01;31m[Kerror: [m[Kparse error in template argument list
[2.747s]   104 |         publisher_filtered_cones_ = this->[01;31m[Kcreate_publisher<zed_msgs::msg::Cones>[m[K("Filtered_Cones", 1);
[2.747s]       |                                           [01;31m[K^~~~~~~~~~~~~~~~~~~~~~~~~~~~~~~~~~~~~~[m[K
[2.747s] [01m[K/home/gim/ros2_humble/src/path_package/src/path.cpp:104:81:[m[K [01;31m[Kerror: [m[Kno matching function for call to â€˜[01m[KLoadDataNode::create_publisher<zed_msgs>(const char [15], int)[m[Kâ€™
[2.747s]   104 | ltered_cones_ = [01;31m[Kthis->create_publisher<zed_msgs::msg::Cones>("Filtered_Cones", 1)[m[K;
[2.747s]       |                 [01;31m[K~~~~~~~~~~~~~~~~~~~~~~~~~~~~~~~~~~~~~~~~~~~~^~~~~~~~~~~~~~~~~~~~~[m[K
[2.747s] 
[2.747s] In file included from [01m[K/opt/ros/humble/include/rclcpp/rclcpp/executors/single_threaded_executor.hpp:28[m[K,
[2.747s]                  from [01m[K/opt/ros/humble/include/rclcpp/rclcpp/executors.hpp:22[m[K,
[2.747s]                  from [01m[K/opt/ros/humble/include/rclcpp/rclcpp/rclcpp.hpp:155[m[K,
[2.747s]                  from [01m[K/home/gim/ros2_humble/src/path_package/src/path.cpp:1[m[K:
[2.747s] [01m[K/opt/ros/humble/include/rclcpp/rclcpp/node.hpp:195:3:[m[K [01;36m[Knote: [m[Kcandidate: â€˜[01m[Ktemplate<class MessageT, class AllocatorT, class PublisherT> std::shared_ptr<PublisherT> rclcpp::Node::create_publisher(const string&, const rclcpp::QoS&, const rclcpp::PublisherOptionsWithAllocator<AllocatorT>&)[m[Kâ€™
[2.747s]   195 |   [01;36m[Kcreate_publisher[m[K(
[2.747s]       |   [01;36m[K^~~~~~~~~~~~~~~~[m[K
[2.747s] [01m[K/opt/ros/humble/include/rclcpp/rclcpp/node.hpp:195:3:[m[K [01;36m[Knote: [m[K  template argument deduction/substitution failed:
[2.747s] [01m[K/home/gim/ros2_humble/src/path_package/src/path.cpp:[m[K In member function â€˜[01m[Kvoid LoadDataNode::timer_callback()[m[Kâ€™:
[2.747s] [01m[K/home/gim/ros2_humble/src/path_package/src/path.cpp:111:9:[m[K [01;31m[Kerror: [m[Kâ€˜[01m[Kmy_package[m[Kâ€™ has not been declared
[2.747s]   111 |         [01;31m[Kmy_package[m[K::msg::Cones filtered_cones;
[2.747s]       |         [01;31m[K^~~~~~~~~~[m[K
[2.752s] [01m[K/home/gim/ros2_humble/src/path_package/src/path.cpp:114:33:[m[K [01;31m[Kerror: [m[Kâ€˜[01m[Kmsg_cones[m[Kâ€™ was not declared in this scope
[2.752s]   114 |         for (const auto &cone : [01;31m[Kmsg_cones[m[K.big_orange_cones)
[2.752s]       |                                 [01;31m[K^~~~~~~~~[m[K
[2.756s] [01m[K/home/gim/ros2_humble/src/path_package/src/path.cpp:120:33:[m[K [01;31m[Kerror: [m[Kâ€˜[01m[Kmsg_cones[m[Kâ€™ was not declared in this scope
[2.756s]   120 |         for (const auto &cone : [01;31m[Kmsg_cones[m[K.little_orange_cones)
[2.756s]       |                                 [01;31m[K^~~~~~~~~[m[K
[2.760s] [01m[K/home/gim/ros2_humble/src/path_package/src/path.cpp:136:33:[m[K [01;31m[Kerror: [m[Kâ€˜[01m[Kmsg_cones[m[Kâ€™ was not declared in this scope
[2.760s]   136 |         for (const auto &cone : [01;31m[Kmsg_cones[m[K.blue_cones)
[2.760s]       |                                 [01;31m[K^~~~~~~~~[m[K
[2.763s] [01m[K/home/gim/ros2_humble/src/path_package/src/path.cpp:138:36:[m[K [01;31m[Kerror: [m[Kâ€˜[01m[Kfilter_param_y_[m[Kâ€™ was not declared in this scope
[2.763s]   138 |             if (std::abs(cone.y) < [01;31m[Kfilter_param_y_[m[K && std::sqrt(cone.x * cone.x + cone.y * cone.y) < filter_param_distance_)
[2.763s]       |                                    [01;31m[K^~~~~~~~~~~~~~~[m[K
[2.769s] [01m[K/home/gim/ros2_humble/src/path_package/src/path.cpp:138:102:[m[K [01;31m[Kerror: [m[Kâ€˜[01m[Kfilter_param_distance_[m[Kâ€™ was not declared in this scope
[2.769s]   138 | _param_y_ && std::sqrt(cone.x * cone.x + cone.y * cone.y) < [01;31m[Kfilter_param_distance_[m[K)
[2.769s]       |                                                             [01;31m[K^~~~~~~~~~~~~~~~~~~~~~[m[K
[2.769s] 
[2.773s] [01m[K/home/gim/ros2_humble/src/path_package/src/path.cpp:145:33:[m[K [01;31m[Kerror: [m[Kâ€˜[01m[Kmsg_cones[m[Kâ€™ was not declared in this scope
[2.773s]   145 |         for (const auto &cone : [01;31m[Kmsg_cones[m[K.yellow_cones)
[2.773s]       |                                 [01;31m[K^~~~~~~~~[m[K
[2.777s] [01m[K/home/gim/ros2_humble/src/path_package/src/path.cpp:147:36:[m[K [01;31m[Kerror: [m[Kâ€˜[01m[Kfilter_param_y_[m[Kâ€™ was not declared in this scope
[2.777s]   147 |             if (std::abs(cone.y) < [01;31m[Kfilter_param_y_[m[K && std::sqrt(cone.x * cone.x + cone.y * cone.y) < filter_param_distance_)
[2.777s]       |                                    [01;31m[K^~~~~~~~~~~~~~~[m[K
[2.784s] [01m[K/home/gim/ros2_humble/src/path_package/src/path.cpp:147:102:[m[K [01;31m[Kerror: [m[Kâ€˜[01m[Kfilter_param_distance_[m[Kâ€™ was not declared in this scope
[2.784s]   147 | _param_y_ && std::sqrt(cone.x * cone.x + cone.y * cone.y) < [01;31m[Kfilter_param_distance_[m[K)
[2.784s]       |                                                             [01;31m[K^~~~~~~~~~~~~~~~~~~~~~[m[K
[2.784s] 
[2.784s] [01m[K/home/gim/ros2_humble/src/path_package/src/path.cpp:157:13:[m[K [01;31m[Kerror: [m[Kâ€˜[01m[Kmy_package[m[Kâ€™ has not been declared
[2.784s]   157 |             [01;31m[Kmy_package[m[K::msg::Cone little_orange_cone;
[2.784s]       |             [01;31m[K^~~~~~~~~~[m[K
[2.789s] [01m[K/home/gim/ros2_humble/src/path_package/src/path.cpp:158:13:[m[K [01;31m[Kerror: [m[Kâ€˜[01m[Klittle_orange_cone[m[Kâ€™ was not declared in this scope
[2.789s]   158 |             [01;31m[Klittle_orange_cone[m[K.cone_type = 3;
[2.789s]       |             [01;31m[K^~~~~~~~~~~~~~~~~~[m[K
[2.794s] [01m[K/home/gim/ros2_humble/src/path_package/src/path.cpp:162:13:[m[K [01;31m[Kerror: [m[Kâ€˜[01m[Kfiltered_cones[m[Kâ€™ was not declared in this scope
[2.794s]   162 |             [01;31m[Kfiltered_cones[m[K.little_orange_cones.push_back(little_orange_cone);
[2.794s]       |             [01;31m[K^~~~~~~~~~~~~~[m[K
[2.794s] [01m[K/home/gim/ros2_humble/src/path_package/src/path.cpp:167:13:[m[K [01;31m[Kerror: [m[Kâ€˜[01m[Kmy_package[m[Kâ€™ has not been declared
[2.794s]   167 |             [01;31m[Kmy_package[m[K::msg::Cone big_orange_cone;
[2.794s]       |             [01;31m[K^~~~~~~~~~[m[K
[2.798s] [01m[K/home/gim/ros2_humble/src/path_package/src/path.cpp:168:13:[m[K [01;31m[Kerror: [m[Kâ€˜[01m[Kbig_orange_cone[m[Kâ€™ was not declared in this scope
[2.798s]   168 |             [01;31m[Kbig_orange_cone[m[K.cone_type = 1;
[2.798s]       |             [01;31m[K^~~~~~~~~~~~~~~[m[K
[2.803s] [01m[K/home/gim/ros2_humble/src/path_package/src/path.cpp:172:13:[m[K [01;31m[Kerror: [m[Kâ€˜[01m[Kfiltered_cones[m[Kâ€™ was not declared in this scope
[2.804s]   172 |             [01;31m[Kfiltered_cones[m[K.big_orange_cones.push_back(big_orange_cone);
[2.804s]       |             [01;31m[K^~~~~~~~~~~~~~[m[K
[2.804s] [01m[K/home/gim/ros2_humble/src/path_package/src/path.cpp:177:13:[m[K [01;31m[Kerror: [m[Kâ€˜[01m[Kmy_package[m[Kâ€™ has not been declared
[2.804s]   177 |             [01;31m[Kmy_package[m[K::msg::Cone blue_cone;
[2.804s]       |             [01;31m[K^~~~~~~~~~[m[K
[2.807s] [01m[K/home/gim/ros2_humble/src/path_package/src/path.cpp:178:13:[m[K [01;31m[Kerror: [m[Kâ€˜[01m[Kblue_cone[m[Kâ€™ was not declared in this scope
[2.807s]   178 |             [01;31m[Kblue_cone[m[K.cone_type = 2;
[2.807s]       |             [01;31m[K^~~~~~~~~[m[K
[2.811s] [01m[K/home/gim/ros2_humble/src/path_package/src/path.cpp:182:13:[m[K [01;31m[Kerror: [m[Kâ€˜[01m[Kfiltered_cones[m[Kâ€™ was not declared in this scope
[2.811s]   182 |             [01;31m[Kfiltered_cones[m[K.blue_cones.push_back(blue_cone);
[2.811s]       |             [01;31m[K^~~~~~~~~~~~~~[m[K
[2.811s] [01m[K/home/gim/ros2_humble/src/path_package/src/path.cpp:187:13:[m[K [01;31m[Kerror: [m[Kâ€˜[01m[Kmy_package[m[Kâ€™ has not been declared
[2.811s]   187 |             [01;31m[Kmy_package[m[K::msg::Cone yellow_cone;
[2.811s]       |             [01;31m[K^~~~~~~~~~[m[K
[2.815s] [01m[K/home/gim/ros2_humble/src/path_package/src/path.cpp:188:13:[m[K [01;31m[Kerror: [m[Kâ€˜[01m[Kyellow_cone[m[Kâ€™ was not declared in this scope
[2.815s]   188 |             [01;31m[Kyellow_cone[m[K.cone_type = 4;
[2.815s]       |             [01;31m[K^~~~~~~~~~~[m[K
[2.821s] [01m[K/home/gim/ros2_humble/src/path_package/src/path.cpp:192:13:[m[K [01;31m[Kerror: [m[Kâ€˜[01m[Kfiltered_cones[m[Kâ€™ was not declared in this scope
[2.821s]   192 |             [01;31m[Kfiltered_cones[m[K.yellow_cones.push_back(yellow_cone);
[2.821s]       |             [01;31m[K^~~~~~~~~~~~~~[m[K
[2.823s] [01m[K/home/gim/ros2_humble/src/path_package/src/path.cpp:200:17:[m[K [01;31m[Kerror: [m[Kâ€˜[01m[KWaypoints[m[Kâ€™ was not declared in this scope
[2.823s]   200 |                 [01;31m[KWaypoints[m[K = delaunayCalculation();
[2.823s]       |                 [01;31m[K^~~~~~~~~[m[K
[2.828s] [01m[K/home/gim/ros2_humble/src/path_package/src/path.cpp:200:29:[m[K [01;31m[Kerror: [m[Kâ€˜[01m[KdelaunayCalculation[m[Kâ€™ was not declared in this scope
[2.828s]   200 |                 Waypoints = [01;31m[KdelaunayCalculation[m[K();
[2.828s]       |                             [01;31m[K^~~~~~~~~~~~~~~~~~~[m[K
[2.834s] [01m[K/home/gim/ros2_humble/src/path_package/src/path.cpp:205:16:[m[K [01;31m[Kerror: [m[Kâ€˜[01m[Kmax_spline_degree_[m[Kâ€™ was not declared in this scope
[2.834s]   205 |         spline([01;31m[Kmax_spline_degree_[m[K, Waypoints);
[2.834s]       |                [01;31m[K^~~~~~~~~~~~~~~~~~[m[K
[2.837s] [01m[K/home/gim/ros2_humble/src/path_package/src/path.cpp:205:36:[m[K [01;31m[Kerror: [m[Kâ€˜[01m[KWaypoints[m[Kâ€™ was not declared in this scope
[2.837s]   205 |         spline(max_spline_degree_, [01;31m[KWaypoints[m[K);
[2.837s]       |                                    [01;31m[K^~~~~~~~~[m[K
[2.839s] [01m[K/home/gim/ros2_humble/src/path_package/src/path.cpp:205:9:[m[K [01;31m[Kerror: [m[Kâ€˜[01m[Kspline[m[Kâ€™ was not declared in this scope
[2.839s]   205 |         [01;31m[Kspline[m[K(max_spline_degree_, Waypoints);
[2.839s]       |         [01;31m[K^~~~~~[m[K
[2.843s] [01m[K/home/gim/ros2_humble/src/path_package/src/path.cpp:209:9:[m[K [01;31m[Kerror: [m[Kâ€˜[01m[Kpublisher_[m[Kâ€™ was not declared in this scope; did you mean â€˜[01m[Krmw_publisher_t[m[Kâ€™?
[2.843s]   209 |         [01;31m[Kpublisher_[m[K->publish(filtered_cones);
[2.843s]       |         [01;31m[K^~~~~~~~~~[m[K
[2.843s]       |         [32m[Krmw_publisher_t[m[K
[2.847s] [01m[K/home/gim/ros2_humble/src/path_package/src/path.cpp:209:29:[m[K [01;31m[Kerror: [m[Kâ€˜[01m[Kfiltered_cones[m[Kâ€™ was not declared in this scope
[2.847s]   209 |         publisher_->publish([01;31m[Kfiltered_cones[m[K);
[2.847s]       |                             [01;31m[K^~~~~~~~~~~~~~[m[K
[2.847s] [01m[K/home/gim/ros2_humble/src/path_package/src/path.cpp:[m[K At global scope:
[2.847s] [01m[K/home/gim/ros2_humble/src/path_package/src/path.cpp:214:32:[m[K [01;31m[Kerror: [m[Kinvalid declarator before â€˜[01m[KdelaunayCalculation[m[Kâ€™
[2.847s]   214 |     std::vector<CustomPoint2D> [01;31m[KdelaunayCalculation[m[K() {
[2.847s]       |                                [01;31m[K^~~~~~~~~~~~~~~~~~~[m[K
[2.848s] [01m[K/home/gim/ros2_humble/src/path_package/src/path.cpp:280:17:[m[K [01;31m[Kerror: [m[Kâ€˜[01m[Kglm[m[Kâ€™ was not declared in this scope
[2.848s]   280 |     std::vector<[01;31m[Kglm[m[K::vec2> spline(const max_spline_degree_, const <std::pair<double, double>>Waypoints) {
[2.848s]       |                 [01;31m[K^~~[m[K
[2.848s] [01m[K/home/gim/ros2_humble/src/path_package/src/path.cpp:280:26:[m[K [01;31m[Kerror: [m[Ktemplate argument 1 is invalid
[2.848s]   280 |     std::vector<glm::vec2[01;31m[K>[m[K spline(const max_spline_degree_, const <std::pair<double, double>>Waypoints) {
[2.848s]       |                          [01;31m[K^[m[K
[2.848s] [01m[K/home/gim/ros2_humble/src/path_package/src/path.cpp:280:26:[m[K [01;31m[Kerror: [m[Ktemplate argument 2 is invalid
[2.850s] [01m[K/home/gim/ros2_humble/src/path_package/src/path.cpp:280:41:[m[K [01;31m[Kerror: [m[Kâ€˜[01m[Kmax_spline_degree_[m[Kâ€™ does not name a type
[2.850s]   280 |     std::vector<glm::vec2> spline(const [01;31m[Kmax_spline_degree_[m[K, const <std::pair<double, double>>Waypoints) {
[2.850s]       |                                         [01;31m[K^~~~~~~~~~~~~~~~~~[m[K
[2.850s] [01m[K/home/gim/ros2_humble/src/path_package/src/path.cpp:280:61:[m[K [01;31m[Kerror: [m[KISO C++ forbids declaration of â€˜[01m[Kparameter[m[Kâ€™ with no type [[01;31m[K]8;;https://gcc.gnu.org/onlinedocs/gcc/Warning-Options.html#index-fpermissive-fpermissive]8;;[m[K]
[2.850s]   280 |     std::vector<glm::vec2> spline(const max_spline_degree_, [01;31m[Kconst[m[K <std::pair<double, double>>Waypoints) {
[2.850s]       |                                                             [01;31m[K^~~~~[m[K
[2.850s] [01m[K/home/gim/ros2_humble/src/path_package/src/path.cpp:280:67:[m[K [01;31m[Kerror: [m[Kexpected â€˜[01m[K,[m[Kâ€™ or â€˜[01m[K...[m[Kâ€™ before â€˜[01m[K<[m[Kâ€™ token
[2.850s]   280 | d::vector<glm::vec2> spline(const max_spline_degree_, const [01;31m[K<[m[Kstd::pair<double, double>>Waypoints) {
[2.850s]       |                                                             [01;31m[K^[m[K
[2.850s] 
[2.853s] [01m[K/home/gim/ros2_humble/src/path_package/src/path.cpp:[m[K In function â€˜[01m[Kint spline(int, int)[m[Kâ€™:
[2.853s] [01m[K/home/gim/ros2_humble/src/path_package/src/path.cpp:282:9:[m[K [01;31m[Kerror: [m[Kâ€˜[01m[Kmax_spline_degree_[m[Kâ€™ was not declared in this scope
[2.853s]   282 |     if ([01;31m[Kmax_spline_degree_[m[K != 2)
[2.853s]       |         [01;31m[K^~~~~~~~~~~~~~~~~~[m[K
[2.855s] [01m[K/home/gim/ros2_humble/src/path_package/src/path.cpp:287:26:[m[K [01;31m[Kerror: [m[Kâ€˜[01m[KWaypoints[m[Kâ€™ was not declared in this scope
[2.855s]   287 |     for (const auto& p : [01;31m[KWaypoints[m[K) {
[2.855s]       |                          [01;31m[K^~~~~~~~~[m[K
[2.857s] [01m[K/home/gim/ros2_humble/src/path_package/src/path.cpp:293:27:[m[K [01;31m[Kerror: [m[Kâ€˜[01m[KWaypoints[m[Kâ€™ was not declared in this scope
[2.857s]   293 |     std::vector<double> t([01;31m[KWaypoints[m[K.size());
[2.857s]       |                           [01;31m[K^~~~~~~~~[m[K
[2.860s] [01m[K/home/gim/ros2_humble/src/path_package/src/path.cpp:300:11:[m[K [01;31m[Kerror: [m[Kâ€˜[01m[Kmax_spline_degree_[m[Kâ€™ was not declared in this scope
[2.860s]   300 |     spapi([01;31m[Kmax_spline_degree_[m[K, x, spline_x);
[2.860s]       |           [01;31m[K^~~~~~~~~~~~~~~~~~[m[K
[2.863s] [01m[K/home/gim/ros2_humble/src/path_package/src/path.cpp:300:5:[m[K [01;31m[Kerror: [m[Kâ€˜[01m[Kspapi[m[Kâ€™ was not declared in this scope
[2.863s]   300 |     [01;31m[Kspapi[m[K(max_spline_degree_, x, spline_x);
[2.863s]       |     [01;31m[K^~~~~[m[K
[2.865s] [01m[K/home/gim/ros2_humble/src/path_package/src/path.cpp:304:20:[m[K [01;31m[Kerror: [m[Kâ€˜[01m[Kfnval[m[Kâ€™ was not declared in this scope
[2.865s]   304 |     double x_end = [01;31m[Kfnval[m[K(spline_x, 1.0);
[2.865s]       |                    [01;31m[K^~~~~[m[K
[2.865s] [01m[K/home/gim/ros2_humble/src/path_package/src/path.cpp:306:5:[m[K [01;31m[Kerror: [m[Kâ€˜[01m[Kglm[m[Kâ€™ has not been declared
[2.865s]   306 |     [01;31m[Kglm[m[K::vec2 punto_fine(x_end, y_end);
[2.865s]       |     [01;31m[K^~~[m[K
[2.866s] [01m[K/home/gim/ros2_humble/src/path_package/src/path.cpp:329:17:[m[K [01;31m[Kerror: [m[Kâ€˜[01m[Kglm[m[Kâ€™ was not declared in this scope
[2.866s]   329 |     std::vector<[01;31m[Kglm[m[K::vec2> punti_aggiornati = Waypoints;
[2.866s]       |                 [01;31m[K^~~[m[K
[2.866s] [01m[K/home/gim/ros2_humble/src/path_package/src/path.cpp:329:26:[m[K [01;31m[Kerror: [m[Ktemplate argument 1 is invalid
[2.866s]   329 |     std::vector<glm::vec2[01;31m[K>[m[K punti_aggiornati = Waypoints;
[2.866s]       |                          [01;31m[K^[m[K
[2.866s] [01m[K/home/gim/ros2_humble/src/path_package/src/path.cpp:329:26:[m[K [01;31m[Kerror: [m[Ktemplate argument 2 is invalid
[2.866s] [01m[K/home/gim/ros2_humble/src/path_package/src/path.cpp:330:22:[m[K [01;31m[Kerror: [m[Krequest for member â€˜[01m[Kpush_back[m[Kâ€™ in â€˜[01m[Kpunti_aggiornati[m[Kâ€™, which is of non-class type â€˜[01m[Kint[m[Kâ€™
[2.866s]   330 |     punti_aggiornati.[01;31m[Kpush_back[m[K(cono_scelto);
[2.866s]       |                      [01;31m[K^~~~~~~~~[m[K
[2.868s] [01m[K/home/gim/ros2_humble/src/path_package/src/path.cpp:330:32:[m[K [01;31m[Kerror: [m[Kâ€˜[01m[Kcono_scelto[m[Kâ€™ was not declared in this scope
[2.868s]   330 |     punti_aggiornati.push_back([01;31m[Kcono_scelto[m[K);
[2.868s]       |                                [01;31m[K^~~~~~~~~~~[m[K
[2.868s] [01m[K/home/gim/ros2_humble/src/path_package/src/path.cpp:304:12:[m[K [01;35m[Kwarning: [m[Kunused variable â€˜[01m[Kx_end[m[Kâ€™ [[01;35m[K]8;;https://gcc.gnu.org/onlinedocs/gcc/Warning-Options.html#index-Wunused-variable-Wunused-variable]8;;[m[K]
[2.868s]   304 |     double [01;35m[Kx_end[m[K = fnval(spline_x, 1.0);
[2.868s]       |            [01;35m[K^~~~~[m[K
[2.868s] [01m[K/home/gim/ros2_humble/src/path_package/src/path.cpp:305:12:[m[K [01;35m[Kwarning: [m[Kunused variable â€˜[01m[Ky_end[m[Kâ€™ [[01;35m[K]8;;https://gcc.gnu.org/onlinedocs/gcc/Warning-Options.html#index-Wunused-variable-Wunused-variable]8;;[m[K]
[2.868s]   305 |     double [01;35m[Ky_end[m[K = fnval(spline_y, 1.0);
[2.868s]       |            [01;35m[K^~~~~[m[K
[2.868s] [01m[K/home/gim/ros2_humble/src/path_package/src/path.cpp:[m[K In function â€˜[01m[Kvoid publish_spline_points(const std::vector<std::vector<float> >&)[m[Kâ€™:
[2.868s] [01m[K/home/gim/ros2_humble/src/path_package/src/path.cpp:342:20:[m[K [01;31m[Kerror: [m[Kâ€˜[01m[Kcontrol_msgs[m[Kâ€™ has not been declared
[2.868s]   342 |         auto msg = [01;31m[Kcontrol_msgs[m[K::msg::WaypointArrayStamped();
[2.868s]       |                    [01;31m[K^~~~~~~~~~~~[m[K
[2.870s] [01m[K/home/gim/ros2_humble/src/path_package/src/path.cpp:347:33:[m[K [01;31m[Kerror: [m[Kâ€˜[01m[Kcontrol_msgs[m[Kâ€™ has not been declared
[2.870s]   347 |             auto spline_point = [01;31m[Kcontrol_msgs[m[K::msg::Waypoint();
[2.870s]       |                                 [01;31m[K^~~~~~~~~~~~[m[K
[2.873s] [01m[K/home/gim/ros2_humble/src/path_package/src/path.cpp:354:9:[m[K [01;31m[Kerror: [m[Kâ€˜[01m[Kpublisher_spline_points_[m[Kâ€™ was not declared in this scope; did you mean â€˜[01m[Kpublish_spline_points[m[Kâ€™?
[2.873s]   354 |         [01;31m[Kpublisher_spline_points_[m[K->publish(msg);
[2.873s]       |         [01;31m[K^~~~~~~~~~~~~~~~~~~~~~~~[m[K
[2.873s]       |         [32m[Kpublish_spline_points[m[K
[2.876s] [01m[K/home/gim/ros2_humble/src/path_package/src/path.cpp:[m[K In function â€˜[01m[Kvoid publish_waypoints(std::vector<std::pair<double, double> >)[m[Kâ€™:
[2.876s] [01m[K/home/gim/ros2_humble/src/path_package/src/path.cpp:359:20:[m[K [01;31m[Kerror: [m[Kâ€˜[01m[Kcontrol_msgs[m[Kâ€™ has not been declared
[2.876s]   359 |         auto msg = [01;31m[Kcontrol_msgs[m[K::msg::WaypointArrayStamped();
[2.876s]       |                    [01;31m[K^~~~~~~~~~~~[m[K
[2.876s] [01m[K/home/gim/ros2_humble/src/path_package/src/path.cpp:363:29:[m[K [01;31m[Kerror: [m[Kâ€˜[01m[Kcontrol_msgs[m[Kâ€™ has not been declared
[2.876s]   363 |             auto waypoint = [01;31m[Kcontrol_msgs[m[K::msg::Waypoint();
[2.876s]       |                             [01;31m[K^~~~~~~~~~~~[m[K
[2.876s] [01m[K/home/gim/ros2_humble/src/path_package/src/path.cpp:364:47:[m[K [01;31m[Kerror: [m[Kno match for â€˜[01m[Koperator[][m[Kâ€™ (operand types are â€˜[01m[Kconst value_type[m[Kâ€™ {aka â€˜[01m[Kconst std::pair<double, double>[m[Kâ€™} and â€˜[01m[Kint[m[Kâ€™)
[2.877s]   364 |             waypoint.position.x = Waypoints[i][01;31m[K[[m[K0];
[2.877s]       |                                               [01;31m[K^[m[K
[2.877s] [01m[K/home/gim/ros2_humble/src/path_package/src/path.cpp:365:47:[m[K [01;31m[Kerror: [m[Kno match for â€˜[01m[Koperator[][m[Kâ€™ (operand types are â€˜[01m[Kconst value_type[m[Kâ€™ {aka â€˜[01m[Kconst std::pair<double, double>[m[Kâ€™} and â€˜[01m[Kint[m[Kâ€™)
[2.877s]   365 |             waypoint.position.y = Waypoints[i][01;31m[K[[m[K1];
[2.877s]       |                                               [01;31m[K^[m[K
[2.878s] [01m[K/home/gim/ros2_humble/src/path_package/src/path.cpp:369:9:[m[K [01;31m[Kerror: [m[Kâ€˜[01m[Kpublisher_waypoints_[m[Kâ€™ was not declared in this scope; did you mean â€˜[01m[Kpublish_waypoints[m[Kâ€™?
[2.878s]   369 |         [01;31m[Kpublisher_waypoints_[m[K->publish(msg);
[2.878s]       |         [01;31m[K^~~~~~~~~~~~~~~~~~~~[m[K
[2.878s]       |         [32m[Kpublish_waypoints[m[K
[2.881s] [01m[K/home/gim/ros2_humble/src/path_package/src/path.cpp:[m[K At global scope:
[2.881s] [01m[K/home/gim/ros2_humble/src/path_package/src/path.cpp:394:5:[m[K [01;31m[Kerror: [m[Kâ€˜[01m[Kmy_package[m[Kâ€™ does not name a type
[2.881s]   394 |     [01;31m[Kmy_package[m[K::msg::Cones filtered_cones;
[2.881s]       |     [01;31m[K^~~~~~~~~~[m[K
[2.882s] [01m[K/home/gim/ros2_humble/src/path_package/src/path.cpp:395:17:[m[K [01;31m[Kerror: [m[Kâ€˜[01m[Kglm[m[Kâ€™ was not declared in this scope
[2.882s]   395 |     std::vector<[01;31m[Kglm[m[K::vec2> punti_aggiornati;
[2.882s]       |                 [01;31m[K^~~[m[K
[2.882s] [01m[K/home/gim/ros2_humble/src/path_package/src/path.cpp:395:26:[m[K [01;31m[Kerror: [m[Ktemplate argument 1 is invalid
[2.882s]   395 |     std::vector<glm::vec2[01;31m[K>[m[K punti_aggiornati;
[2.882s]       |                          [01;31m[K^[m[K
[2.882s] [01m[K/home/gim/ros2_humble/src/path_package/src/path.cpp:395:26:[m[K [01;31m[Kerror: [m[Ktemplate argument 2 is invalid
[2.884s] [01m[K/home/gim/ros2_humble/src/path_package/src/path.cpp:398:26:[m[K [01;31m[Kerror: [m[Kâ€˜[01m[Kzed_msgs[m[Kâ€™ was not declared in this scope
[2.884s]   398 |     rclcpp::Subscription<[01;31m[Kzed_msgs[m[K::msg::Cones>::SharedPtr subscription_cones_;
[2.884s]       |                          [01;31m[K^~~~~~~~[m[K
[2.884s] [01m[K/home/gim/ros2_humble/src/path_package/src/path.cpp:398:46:[m[K [01;31m[Kerror: [m[Ktemplate argument 1 is invalid
[2.884s]   398 |     rclcpp::Subscription<zed_msgs::msg::Cones[01;31m[K>[m[K::SharedPtr subscription_cones_;
[2.884s]       |                                              [01;31m[K^[m[K
[2.884s] [01m[K/home/gim/ros2_humble/src/path_package/src/path.cpp:398:46:[m[K [01;31m[Kerror: [m[Ktemplate argument 3 is invalid
[2.884s] [01m[K/home/gim/ros2_humble/src/path_package/src/path.cpp:398:46:[m[K [01;31m[Kerror: [m[Ktemplate argument 4 is invalid
[2.884s] [01m[K/home/gim/ros2_humble/src/path_package/src/path.cpp:398:46:[m[K [01;31m[Kerror: [m[Ktemplate argument 5 is invalid
[2.884s] [01m[K/home/gim/ros2_humble/src/path_package/src/path.cpp:398:59:[m[K [01;31m[Kerror: [m[Kexpected initializer before â€˜[01m[Ksubscription_cones_[m[Kâ€™
[2.884s]   398 |     rclcpp::Subscription<zed_msgs::msg::Cones>::SharedPtr [01;31m[Ksubscription_cones_[m[K;
[2.884s]       |                                                           [01;31m[K^~~~~~~~~~~~~~~~~~~[m[K
[2.884s] [01m[K/home/gim/ros2_humble/src/path_package/src/path.cpp:399:23:[m[K [01;31m[Kerror: [m[Kâ€˜[01m[Kcontrol_msgs[m[Kâ€™ was not declared in this scope
[2.884s]   399 |     rclcpp::Publisher<[01;31m[Kcontrol_msgs[m[K::msg::WaypointArrayStamped>::SharedPtr publisher_waypoints_;
[2.884s]       |                       [01;31m[K^~~~~~~~~~~~[m[K
[2.884s] [01m[K/home/gim/ros2_humble/src/path_package/src/path.cpp:399:62:[m[K [01;31m[Kerror: [m[Ktemplate argument 1 is invalid
[2.884s]   399 |    rclcpp::Publisher<control_msgs::msg::WaypointArrayStamped[01;31m[K>[m[K::SharedPtr publisher_waypoints_;
[2.884s]       |                                                             [01;31m[K^[m[K
[2.884s] 
[2.884s] [01m[K/home/gim/ros2_humble/src/path_package/src/path.cpp:399:75:[m[K [01;31m[Kerror: [m[Kexpected initializer before â€˜[01m[Kpublisher_waypoints_[m[Kâ€™
[2.884s]   399 | blisher<control_msgs::msg::WaypointArrayStamped>::SharedPtr [01;31m[Kpublisher_waypoints_[m[K;
[2.884s]       |                                                             [01;31m[K^~~~~~~~~~~~~~~~~~~~[m[K
[2.884s] 
[2.884s] [01m[K/home/gim/ros2_humble/src/path_package/src/path.cpp:400:23:[m[K [01;31m[Kerror: [m[Kâ€˜[01m[Kpath_interfaces[m[Kâ€™ was not declared in this scope; did you mean â€˜[01m[Krcl_interfaces[m[Kâ€™?
[2.884s]   400 |     rclcpp::Publisher<[01;31m[Kpath_interfaces[m[K::msg::WaypointsPlusCones>::SharedPtr publisher_wayspluscones_;
[2.884s]       |                       [01;31m[K^~~~~~~~~~~~~~~[m[K
[2.884s]       |                       [32m[Krcl_interfaces[m[K
[2.884s] [01m[K/home/gim/ros2_humble/src/path_package/src/path.cpp:400:63:[m[K [01;31m[Kerror: [m[Ktemplate argument 1 is invalid
[2.884s]   400 |   rclcpp::Publisher<path_interfaces::msg::WaypointsPlusCones[01;31m[K>[m[K::SharedPtr publisher_wayspluscones_;
[2.884s]       |                                                             [01;31m[K^[m[K
[2.884s] 
[2.884s] [01m[K/home/gim/ros2_humble/src/path_package/src/path.cpp:400:76:[m[K [01;31m[Kerror: [m[Kexpected initializer before â€˜[01m[Kpublisher_wayspluscones_[m[Kâ€™
[2.884s]   400 | lisher<path_interfaces::msg::WaypointsPlusCones>::SharedPtr [01;31m[Kpublisher_wayspluscones_[m[K;
[2.884s]       |                                                             [01;31m[K^~~~~~~~~~~~~~~~~~~~~~~~[m[K
[2.884s] 
[2.884s] [01m[K/home/gim/ros2_humble/src/path_package/src/path.cpp:401:23:[m[K [01;31m[Kerror: [m[Kâ€˜[01m[Kcontrol_msgs[m[Kâ€™ was not declared in this scope
[2.884s]   401 |     rclcpp::Publisher<[01;31m[Kcontrol_msgs[m[K::msg::WaypointArrayStamped>::SharedPtr publisher_ref_waypoint_;
[2.884s]       |                       [01;31m[K^~~~~~~~~~~~[m[K
[2.884s] [01m[K/home/gim/ros2_humble/src/path_package/src/path.cpp:401:62:[m[K [01;31m[Kerror: [m[Ktemplate argument 1 is invalid
[2.884s]   401 |    rclcpp::Publisher<control_msgs::msg::WaypointArrayStamped[01;31m[K>[m[K::SharedPtr publisher_ref_waypoint_;
[2.884s]       |                                                             [01;31m[K^[m[K
[2.884s] 
[2.884s] [01m[K/home/gim/ros2_humble/src/path_package/src/path.cpp:401:75:[m[K [01;31m[Kerror: [m[Kexpected initializer before â€˜[01m[Kpublisher_ref_waypoint_[m[Kâ€™
[2.884s]   401 | blisher<control_msgs::msg::WaypointArrayStamped>::SharedPtr [01;31m[Kpublisher_ref_waypoint_[m[K;
[2.884s]       |                                                             [01;31m[K^~~~~~~~~~~~~~~~~~~~~~~[m[K
[2.884s] 
[2.884s] [01m[K/home/gim/ros2_humble/src/path_package/src/path.cpp:402:23:[m[K [01;31m[Kerror: [m[Kâ€˜[01m[Kcontrol_msgs[m[Kâ€™ was not declared in this scope
[2.884s]   402 |     rclcpp::Publisher<[01;31m[Kcontrol_msgs[m[K::msg::WaypointArrayStamped>::SharedPtr publisher_spline_points_;
[2.884s]       |                       [01;31m[K^~~~~~~~~~~~[m[K
[2.884s] [01m[K/home/gim/ros2_humble/src/path_package/src/path.cpp:402:62:[m[K [01;31m[Kerror: [m[Ktemplate argument 1 is invalid
[2.884s]   402 |    rclcpp::Publisher<control_msgs::msg::WaypointArrayStamped[01;31m[K>[m[K::SharedPtr publisher_spline_points_;
[2.884s]       |                                                             [01;31m[K^[m[K
[2.884s] 
[2.884s] [01m[K/home/gim/ros2_humble/src/path_package/src/path.cpp:402:75:[m[K [01;31m[Kerror: [m[Kexpected initializer before â€˜[01m[Kpublisher_spline_points_[m[Kâ€™
[2.884s]   402 | blisher<control_msgs::msg::WaypointArrayStamped>::SharedPtr [01;31m[Kpublisher_spline_points_[m[K;
[2.884s]       |                                                             [01;31m[K^~~~~~~~~~~~~~~~~~~~~~~~[m[K
[2.884s] 
[2.884s] [01m[K/home/gim/ros2_humble/src/path_package/src/path.cpp:403:23:[m[K [01;31m[Kerror: [m[Kâ€˜[01m[Kpath_interfaces[m[Kâ€™ was not declared in this scope; did you mean â€˜[01m[Krcl_interfaces[m[Kâ€™?
[2.884s]   403 |     rclcpp::Publisher<[01;31m[Kpath_interfaces[m[K::msg::Pubxy>::SharedPtr publisher_special_case_;
[2.884s]       |                       [01;31m[K^~~~~~~~~~~~~~~[m[K
[2.884s]       |                       [32m[Krcl_interfaces[m[K
[2.884s] [01m[K/home/gim/ros2_humble/src/path_package/src/path.cpp:403:50:[m[K [01;31m[Kerror: [m[Ktemplate argument 1 is invalid
[2.884s]   403 |     rclcpp::Publisher<path_interfaces::msg::Pubxy[01;31m[K>[m[K::SharedPtr publisher_special_case_;
[2.884s]       |                                                  [01;31m[K^[m[K
[2.884s] [01m[K/home/gim/ros2_humble/src/path_package/src/path.cpp:403:63:[m[K [01;31m[Kerror: [m[Kexpected initializer before â€˜[01m[Kpublisher_special_case_[m[Kâ€™
[2.884s]   403 |   rclcpp::Publisher<path_interfaces::msg::Pubxy>::SharedPtr [01;31m[Kpublisher_special_case_[m[K;
[2.884s]       |                                                             [01;31m[K^~~~~~~~~~~~~~~~~~~~~~~[m[K
[2.884s] 
[2.898s] [01m[K/home/gim/ros2_humble/src/path_package/src/path.cpp:404:23:[m[K [01;31m[Kerror: [m[Kâ€˜[01m[Kcontrol_msgs[m[Kâ€™ was not declared in this scope
[2.898s]   404 |     rclcpp::Publisher<[01;31m[Kcontrol_msgs[m[K::msg::RefData>::SharedPtr publisher_velocity_;
[2.898s]       |                       [01;31m[K^~~~~~~~~~~~[m[K
[2.898s] [01m[K/home/gim/ros2_humble/src/path_package/src/path.cpp:404:49:[m[K [01;31m[Kerror: [m[Ktemplate argument 1 is invalid
[2.898s]   404 |     rclcpp::Publisher<control_msgs::msg::RefData[01;31m[K>[m[K::SharedPtr publisher_velocity_;
[2.898s]       |                                                 [01;31m[K^[m[K
[2.898s] [01m[K/home/gim/ros2_humble/src/path_package/src/path.cpp:404:62:[m[K [01;31m[Kerror: [m[Kexpected initializer before â€˜[01m[Kpublisher_velocity_[m[Kâ€™
[2.898s]   404 |    rclcpp::Publisher<control_msgs::msg::RefData>::SharedPtr [01;31m[Kpublisher_velocity_[m[K;
[2.898s]       |                                                             [01;31m[K^~~~~~~~~~~~~~~~~~~[m[K
[2.898s] 
[2.898s] [01m[K/home/gim/ros2_humble/src/path_package/src/path.cpp:405:23:[m[K [01;31m[Kerror: [m[Kâ€˜[01m[Kzed_msgs[m[Kâ€™ was not declared in this scope
[2.898s]   405 |     rclcpp::Publisher<[01;31m[Kzed_msgs[m[K::msg::Cones>::SharedPtr publisher_filtered_cones_;
[2.898s]       |                       [01;31m[K^~~~~~~~[m[K
[2.898s] [01m[K/home/gim/ros2_humble/src/path_package/src/path.cpp:405:43:[m[K [01;31m[Kerror: [m[Ktemplate argument 1 is invalid
[2.898s]   405 |     rclcpp::Publisher<zed_msgs::msg::Cones[01;31m[K>[m[K::SharedPtr publisher_filtered_cones_;
[2.898s]       |                                           [01;31m[K^[m[K
[2.898s] [01m[K/home/gim/ros2_humble/src/path_package/src/path.cpp:405:56:[m[K [01;31m[Kerror: [m[Kexpected initializer before â€˜[01m[Kpublisher_filtered_cones_[m[Kâ€™
[2.898s]   405 |     rclcpp::Publisher<zed_msgs::msg::Cones>::SharedPtr [01;31m[Kpublisher_filtered_cones_[m[K;
[2.898s]       |                                                        [01;31m[K^~~~~~~~~~~~~~~~~~~~~~~~~[m[K
[2.898s] [01m[K/home/gim/ros2_humble/src/path_package/src/path.cpp:406:1:[m[K [01;31m[Kerror: [m[Kexpected declaration before â€˜[01m[K}[m[Kâ€™ token
[2.898s]   406 | [01;31m[K}[m[K;
[2.898s]       | [01;31m[K^[m[K
[3.214s] gmake[2]: *** [CMakeFiles/path_pkg.dir/build.make:76: CMakeFiles/path_pkg.dir/src/path.cpp.o] Error 1
[3.215s] gmake[1]: *** [CMakeFiles/Makefile2:155: CMakeFiles/path_pkg.dir/all] Error 2
[3.215s] gmake: *** [Makefile:146: all] Error 2
[3.226s] Invoked command in '/home/gim/ros2_humble/src/path_package/build/path_package' returned '2': CMAKE_PREFIX_PATH=${CMAKE_PREFIX_PATH}:/opt/ros/humble /usr/bin/cmake --build /home/gim/ros2_humble/src/path_package/build/path_package -- -j6 -l6
