[0.015s] Invoking command in '/home/gim/ros2_humble/src/path_package/build/path_package': CMAKE_PREFIX_PATH=/opt/ros/humble /usr/bin/cmake --build /home/gim/ros2_humble/src/path_package/build/path_package -- -j6 -l6
[0.059s] [35m[1mConsolidate compiler generated dependencies of target talker[0m
[0.081s] [ 50%] [32mBuilding CXX object CMakeFiles/talker.dir/src/path.cpp.o[0m
[0.378s] [01m[K/home/gim/ros2_humble/src/path_package/src/path.cpp:[m[K In function â€˜[01m[Kint main()[m[Kâ€™:
[0.379s] [01m[K/home/gim/ros2_humble/src/path_package/src/path.cpp:249:21:[m[K [01;31m[Kerror: [m[Kexpected identifier before numeric constant
[0.379s]   249 | cdt.insertVertices([[01;31m[K1[m[K,1],[2,2],[3,2]);
[0.379s]       |                     [01;31m[K^[m[K
[0.379s] [01m[K/home/gim/ros2_humble/src/path_package/src/path.cpp:249:22:[m[K [01;31m[Kerror: [m[Kexpected â€˜[01m[K][m[Kâ€™ before â€˜[01m[K,[m[Kâ€™ token
[0.379s]   249 | cdt.insertVertices([1[01;31m[K,[m[K1],[2,2],[3,2]);
[0.379s]       |                      [01;31m[K^[m[K
[0.379s]       |                      [32m[K][m[K
[0.380s] [01m[K/home/gim/ros2_humble/src/path_package/src/path.cpp:[m[K In lambda function:
[0.380s] [01m[K/home/gim/ros2_humble/src/path_package/src/path.cpp:249:22:[m[K [01;31m[Kerror: [m[Kexpected â€˜[01m[K{[m[Kâ€™ before â€˜[01m[K,[m[Kâ€™ token
[0.380s] [01m[K/home/gim/ros2_humble/src/path_package/src/path.cpp:[m[K In function â€˜[01m[Kint main()[m[Kâ€™:
[0.380s] [01m[K/home/gim/ros2_humble/src/path_package/src/path.cpp:249:24:[m[K [01;31m[Kerror: [m[Kexpected â€˜[01m[K)[m[Kâ€™ before â€˜[01m[K][m[Kâ€™ token
[0.380s]   249 | cdt.insertVertices[34m[K([m[K[1,1[01;31m[K][m[K,[2,2],[3,2]);
[0.380s]       |                   [34m[K~[m[K    [01;31m[K^[m[K
[0.380s]       |                        [32m[K)[m[K
[0.620s] gmake[2]: *** [CMakeFiles/talker.dir/build.make:76: CMakeFiles/talker.dir/src/path.cpp.o] Error 1
[0.620s] gmake[1]: *** [CMakeFiles/Makefile2:155: CMakeFiles/talker.dir/all] Error 2
[0.620s] gmake: *** [Makefile:146: all] Error 2
[0.624s] Invoked command in '/home/gim/ros2_humble/src/path_package/build/path_package' returned '2': CMAKE_PREFIX_PATH=/opt/ros/humble /usr/bin/cmake --build /home/gim/ros2_humble/src/path_package/build/path_package -- -j6 -l6
