[01m[K/home/gim/ros2_humble/src/path_package/src/path.cpp:[m[K In function â€˜[01m[Kint main()[m[Kâ€™:
[01m[K/home/gim/ros2_humble/src/path_package/src/path.cpp:267:32:[m[K [01;31m[Kerror: [m[Kredeclaration of â€˜[01m[KCDT::Triangulation<double> cdt[m[Kâ€™
  267 |     CDT::Triangulation<double> [01;31m[Kcdt[m[K;
      |                                [01;31m[K^~~[m[K
[01m[K/home/gim/ros2_humble/src/path_package/src/path.cpp:262:32:[m[K [01;36m[Knote: [m[Kâ€˜[01m[KCDT::Triangulation<double> cdt[m[Kâ€™ previously declared here
  262 |     CDT::Triangulation<double> [01;36m[Kcdt[m[K;
      |                                [01;36m[K^~~[m[K
[01m[K/home/gim/ros2_humble/src/path_package/src/path.cpp:271:9:[m[K [01;31m[Kerror: [m[Kâ€˜[01m[Kpoints[m[Kâ€™ was not declared in this scope; did you mean â€˜[01m[Kprintf[m[Kâ€™?
  271 |         [01;31m[Kpoints[m[K.begin(),    points.end(),    [](const CustomPoint2D& p){ return p.data[0]; },
      |         [01;31m[K^~~~~~[m[K
      |         [32m[Kprintf[m[K
gmake[2]: *** [CMakeFiles/talker.dir/build.make:76: CMakeFiles/talker.dir/src/path.cpp.o] Error 1
gmake[1]: *** [CMakeFiles/Makefile2:155: CMakeFiles/talker.dir/all] Error 2
gmake: *** [Makefile:146: all] Error 2
